CRITICAL - 2022-03-17 07:54:00 --> syntax error, unexpected token ";", expecting "]"
#0 /var/www/html/visitantes/system/Router/Router.php(170): CodeIgniter\Router\Router->autoRoute()
#1 /var/www/html/visitantes/system/CodeIgniter.php(816): CodeIgniter\Router\Router->handle()
#2 /var/www/html/visitantes/system/CodeIgniter.php(385): CodeIgniter\CodeIgniter->tryToRouteIt()
#3 /var/www/html/visitantes/system/CodeIgniter.php(333): CodeIgniter\CodeIgniter->handleRequest()
#4 /var/www/html/visitantes/index.php(44): CodeIgniter\CodeIgniter->run()
#5 {main}
CRITICAL - 2022-03-17 07:54:02 --> syntax error, unexpected token ";", expecting "]"
#0 /var/www/html/visitantes/system/Router/Router.php(170): CodeIgniter\Router\Router->autoRoute()
#1 /var/www/html/visitantes/system/CodeIgniter.php(816): CodeIgniter\Router\Router->handle()
#2 /var/www/html/visitantes/system/CodeIgniter.php(385): CodeIgniter\CodeIgniter->tryToRouteIt()
#3 /var/www/html/visitantes/system/CodeIgniter.php(333): CodeIgniter\CodeIgniter->handleRequest()
#4 /var/www/html/visitantes/index.php(44): CodeIgniter\CodeIgniter->run()
#5 {main}
CRITICAL - 2022-03-17 07:54:03 --> syntax error, unexpected token ";", expecting "]"
#0 /var/www/html/visitantes/system/Router/Router.php(170): CodeIgniter\Router\Router->autoRoute()
#1 /var/www/html/visitantes/system/CodeIgniter.php(816): CodeIgniter\Router\Router->handle()
#2 /var/www/html/visitantes/system/CodeIgniter.php(385): CodeIgniter\CodeIgniter->tryToRouteIt()
#3 /var/www/html/visitantes/system/CodeIgniter.php(333): CodeIgniter\CodeIgniter->handleRequest()
#4 /var/www/html/visitantes/index.php(44): CodeIgniter\CodeIgniter->run()
#5 {main}
CRITICAL - 2022-03-17 07:54:03 --> syntax error, unexpected token ";", expecting "]"
#0 /var/www/html/visitantes/system/Router/Router.php(170): CodeIgniter\Router\Router->autoRoute()
#1 /var/www/html/visitantes/system/CodeIgniter.php(816): CodeIgniter\Router\Router->handle()
#2 /var/www/html/visitantes/system/CodeIgniter.php(385): CodeIgniter\CodeIgniter->tryToRouteIt()
#3 /var/www/html/visitantes/system/CodeIgniter.php(333): CodeIgniter\CodeIgniter->handleRequest()
#4 /var/www/html/visitantes/index.php(44): CodeIgniter\CodeIgniter->run()
#5 {main}
CRITICAL - 2022-03-17 07:54:03 --> syntax error, unexpected token ";", expecting "]"
#0 /var/www/html/visitantes/system/Router/Router.php(170): CodeIgniter\Router\Router->autoRoute()
#1 /var/www/html/visitantes/system/CodeIgniter.php(816): CodeIgniter\Router\Router->handle()
#2 /var/www/html/visitantes/system/CodeIgniter.php(385): CodeIgniter\CodeIgniter->tryToRouteIt()
#3 /var/www/html/visitantes/system/CodeIgniter.php(333): CodeIgniter\CodeIgniter->handleRequest()
#4 /var/www/html/visitantes/index.php(44): CodeIgniter\CodeIgniter->run()
#5 {main}
CRITICAL - 2022-03-17 07:54:03 --> syntax error, unexpected token ";", expecting "]"
#0 /var/www/html/visitantes/system/Router/Router.php(170): CodeIgniter\Router\Router->autoRoute()
#1 /var/www/html/visitantes/system/CodeIgniter.php(816): CodeIgniter\Router\Router->handle()
#2 /var/www/html/visitantes/system/CodeIgniter.php(385): CodeIgniter\CodeIgniter->tryToRouteIt()
#3 /var/www/html/visitantes/system/CodeIgniter.php(333): CodeIgniter\CodeIgniter->handleRequest()
#4 /var/www/html/visitantes/index.php(44): CodeIgniter\CodeIgniter->run()
#5 {main}
CRITICAL - 2022-03-17 07:54:04 --> syntax error, unexpected token ";", expecting "]"
#0 /var/www/html/visitantes/system/Router/Router.php(170): CodeIgniter\Router\Router->autoRoute()
#1 /var/www/html/visitantes/system/CodeIgniter.php(816): CodeIgniter\Router\Router->handle()
#2 /var/www/html/visitantes/system/CodeIgniter.php(385): CodeIgniter\CodeIgniter->tryToRouteIt()
#3 /var/www/html/visitantes/system/CodeIgniter.php(333): CodeIgniter\CodeIgniter->handleRequest()
#4 /var/www/html/visitantes/index.php(44): CodeIgniter\CodeIgniter->run()
#5 {main}
CRITICAL - 2022-03-17 07:54:04 --> syntax error, unexpected token ";", expecting "]"
#0 /var/www/html/visitantes/system/Router/Router.php(170): CodeIgniter\Router\Router->autoRoute()
#1 /var/www/html/visitantes/system/CodeIgniter.php(816): CodeIgniter\Router\Router->handle()
#2 /var/www/html/visitantes/system/CodeIgniter.php(385): CodeIgniter\CodeIgniter->tryToRouteIt()
#3 /var/www/html/visitantes/system/CodeIgniter.php(333): CodeIgniter\CodeIgniter->handleRequest()
#4 /var/www/html/visitantes/index.php(44): CodeIgniter\CodeIgniter->run()
#5 {main}
CRITICAL - 2022-03-17 07:54:04 --> syntax error, unexpected token ";", expecting "]"
#0 /var/www/html/visitantes/system/Router/Router.php(170): CodeIgniter\Router\Router->autoRoute()
#1 /var/www/html/visitantes/system/CodeIgniter.php(816): CodeIgniter\Router\Router->handle()
#2 /var/www/html/visitantes/system/CodeIgniter.php(385): CodeIgniter\CodeIgniter->tryToRouteIt()
#3 /var/www/html/visitantes/system/CodeIgniter.php(333): CodeIgniter\CodeIgniter->handleRequest()
#4 /var/www/html/visitantes/index.php(44): CodeIgniter\CodeIgniter->run()
#5 {main}
CRITICAL - 2022-03-17 07:54:04 --> syntax error, unexpected token ";", expecting "]"
#0 /var/www/html/visitantes/system/Router/Router.php(170): CodeIgniter\Router\Router->autoRoute()
#1 /var/www/html/visitantes/system/CodeIgniter.php(816): CodeIgniter\Router\Router->handle()
#2 /var/www/html/visitantes/system/CodeIgniter.php(385): CodeIgniter\CodeIgniter->tryToRouteIt()
#3 /var/www/html/visitantes/system/CodeIgniter.php(333): CodeIgniter\CodeIgniter->handleRequest()
#4 /var/www/html/visitantes/index.php(44): CodeIgniter\CodeIgniter->run()
#5 {main}
CRITICAL - 2022-03-17 07:54:16 --> syntax error, unexpected token ",", expecting variable
#0 /var/www/html/visitantes/system/Router/Router.php(170): CodeIgniter\Router\Router->autoRoute()
#1 /var/www/html/visitantes/system/CodeIgniter.php(816): CodeIgniter\Router\Router->handle()
#2 /var/www/html/visitantes/system/CodeIgniter.php(385): CodeIgniter\CodeIgniter->tryToRouteIt()
#3 /var/www/html/visitantes/system/CodeIgniter.php(333): CodeIgniter\CodeIgniter->handleRequest()
#4 /var/www/html/visitantes/index.php(44): CodeIgniter\CodeIgniter->run()
#5 {main}
CRITICAL - 2022-03-17 08:00:50 --> Undefined variable $datos
#0 /var/www/html/visitantes/app/Controllers/Visitas.php(126): CodeIgniter\Debug\Exceptions->errorHandler()
#1 /var/www/html/visitantes/system/CodeIgniter.php(936): App\Controllers\Visitas->insert()
#2 /var/www/html/visitantes/system/CodeIgniter.php(432): CodeIgniter\CodeIgniter->runController()
#3 /var/www/html/visitantes/system/CodeIgniter.php(333): CodeIgniter\CodeIgniter->handleRequest()
#4 /var/www/html/visitantes/index.php(44): CodeIgniter\CodeIgniter->run()
#5 {main}
ERROR - 2022-03-17 09:05:17 --> mysqli_sql_exception: Cannot add or update a child row: a foreign key constraint fails (`bd_visitantes`.`visitas`, CONSTRAINT `visitas_ibfk_2` FOREIGN KEY (`institucion_id`) REFERENCES `instituciones` (`id_institucion`)) in /var/www/html/visitantes/system/Database/MySQLi/Connection.php:314
Stack trace:
#0 /var/www/html/visitantes/system/Database/MySQLi/Connection.php(314): mysqli->query()
#1 /var/www/html/visitantes/system/Database/BaseConnection.php(713): CodeIgniter\Database\MySQLi\Connection->execute()
#2 /var/www/html/visitantes/system/Database/BaseConnection.php(641): CodeIgniter\Database\BaseConnection->simpleQuery()
#3 /var/www/html/visitantes/system/Database/BaseBuilder.php(2263): CodeIgniter\Database\BaseConnection->query()
#4 /var/www/html/visitantes/system/Model.php(278): CodeIgniter\Database\BaseBuilder->insert()
#5 /var/www/html/visitantes/system/BaseModel.php(758): CodeIgniter\Model->doInsert()
#6 /var/www/html/visitantes/system/Model.php(705): CodeIgniter\BaseModel->insert()
#7 /var/www/html/visitantes/system/BaseModel.php(667): CodeIgniter\Model->insert()
#8 /var/www/html/visitantes/app/Controllers/Visitas.php(161): CodeIgniter\BaseModel->save()
#9 /var/www/html/visitantes/system/CodeIgniter.php(936): App\Controllers\Visitas->insert()
#10 /var/www/html/visitantes/system/CodeIgniter.php(432): CodeIgniter\CodeIgniter->runController()
#11 /var/www/html/visitantes/system/CodeIgniter.php(333): CodeIgniter\CodeIgniter->handleRequest()
#12 /var/www/html/visitantes/index.php(44): CodeIgniter\CodeIgniter->run()
#13 {main}
CRITICAL - 2022-03-17 09:05:17 --> Cannot add or update a child row: a foreign key constraint fails (`bd_visitantes`.`visitas`, CONSTRAINT `visitas_ibfk_2` FOREIGN KEY (`institucion_id`) REFERENCES `instituciones` (`id_institucion`))
#0 /var/www/html/visitantes/system/Database/MySQLi/Connection.php(314): mysqli->query()
#1 /var/www/html/visitantes/system/Database/BaseConnection.php(713): CodeIgniter\Database\MySQLi\Connection->execute()
#2 /var/www/html/visitantes/system/Database/BaseConnection.php(641): CodeIgniter\Database\BaseConnection->simpleQuery()
#3 /var/www/html/visitantes/system/Database/BaseBuilder.php(2263): CodeIgniter\Database\BaseConnection->query()
#4 /var/www/html/visitantes/system/Model.php(278): CodeIgniter\Database\BaseBuilder->insert()
#5 /var/www/html/visitantes/system/BaseModel.php(758): CodeIgniter\Model->doInsert()
#6 /var/www/html/visitantes/system/Model.php(705): CodeIgniter\BaseModel->insert()
#7 /var/www/html/visitantes/system/BaseModel.php(667): CodeIgniter\Model->insert()
#8 /var/www/html/visitantes/app/Controllers/Visitas.php(161): CodeIgniter\BaseModel->save()
#9 /var/www/html/visitantes/system/CodeIgniter.php(936): App\Controllers\Visitas->insert()
#10 /var/www/html/visitantes/system/CodeIgniter.php(432): CodeIgniter\CodeIgniter->runController()
#11 /var/www/html/visitantes/system/CodeIgniter.php(333): CodeIgniter\CodeIgniter->handleRequest()
#12 /var/www/html/visitantes/index.php(44): CodeIgniter\CodeIgniter->run()
#13 {main}
CRITICAL - 2022-03-17 09:19:14 --> Undefined property: App\Controllers\Visitas::$controlador
#0 /var/www/html/visitantes/app/Controllers/Visitas.php(312): CodeIgniter\Debug\Exceptions->errorHandler()
#1 /var/www/html/visitantes/system/CodeIgniter.php(936): App\Controllers\Visitas->historico()
#2 /var/www/html/visitantes/system/CodeIgniter.php(432): CodeIgniter\CodeIgniter->runController()
#3 /var/www/html/visitantes/system/CodeIgniter.php(333): CodeIgniter\CodeIgniter->handleRequest()
#4 /var/www/html/visitantes/index.php(44): CodeIgniter\CodeIgniter->run()
#5 {main}
ERROR - 2022-03-17 09:19:32 --> mysqli_sql_exception: Cannot add or update a child row: a foreign key constraint fails (`bd_visitantes`.`visitas`, CONSTRAINT `visitas_ibfk_2` FOREIGN KEY (`institucion_id`) REFERENCES `instituciones` (`id_institucion`)) in /var/www/html/visitantes/system/Database/MySQLi/Connection.php:314
Stack trace:
#0 /var/www/html/visitantes/system/Database/MySQLi/Connection.php(314): mysqli->query()
#1 /var/www/html/visitantes/system/Database/BaseConnection.php(713): CodeIgniter\Database\MySQLi\Connection->execute()
#2 /var/www/html/visitantes/system/Database/BaseConnection.php(641): CodeIgniter\Database\BaseConnection->simpleQuery()
#3 /var/www/html/visitantes/system/Database/BaseBuilder.php(2263): CodeIgniter\Database\BaseConnection->query()
#4 /var/www/html/visitantes/system/Model.php(278): CodeIgniter\Database\BaseBuilder->insert()
#5 /var/www/html/visitantes/system/BaseModel.php(758): CodeIgniter\Model->doInsert()
#6 /var/www/html/visitantes/system/Model.php(705): CodeIgniter\BaseModel->insert()
#7 /var/www/html/visitantes/system/BaseModel.php(667): CodeIgniter\Model->insert()
#8 /var/www/html/visitantes/app/Controllers/Visitas.php(161): CodeIgniter\BaseModel->save()
#9 /var/www/html/visitantes/system/CodeIgniter.php(936): App\Controllers\Visitas->insert()
#10 /var/www/html/visitantes/system/CodeIgniter.php(432): CodeIgniter\CodeIgniter->runController()
#11 /var/www/html/visitantes/system/CodeIgniter.php(333): CodeIgniter\CodeIgniter->handleRequest()
#12 /var/www/html/visitantes/index.php(44): CodeIgniter\CodeIgniter->run()
#13 {main}
CRITICAL - 2022-03-17 09:19:32 --> Cannot add or update a child row: a foreign key constraint fails (`bd_visitantes`.`visitas`, CONSTRAINT `visitas_ibfk_2` FOREIGN KEY (`institucion_id`) REFERENCES `instituciones` (`id_institucion`))
#0 /var/www/html/visitantes/system/Database/MySQLi/Connection.php(314): mysqli->query()
#1 /var/www/html/visitantes/system/Database/BaseConnection.php(713): CodeIgniter\Database\MySQLi\Connection->execute()
#2 /var/www/html/visitantes/system/Database/BaseConnection.php(641): CodeIgniter\Database\BaseConnection->simpleQuery()
#3 /var/www/html/visitantes/system/Database/BaseBuilder.php(2263): CodeIgniter\Database\BaseConnection->query()
#4 /var/www/html/visitantes/system/Model.php(278): CodeIgniter\Database\BaseBuilder->insert()
#5 /var/www/html/visitantes/system/BaseModel.php(758): CodeIgniter\Model->doInsert()
#6 /var/www/html/visitantes/system/Model.php(705): CodeIgniter\BaseModel->insert()
#7 /var/www/html/visitantes/system/BaseModel.php(667): CodeIgniter\Model->insert()
#8 /var/www/html/visitantes/app/Controllers/Visitas.php(161): CodeIgniter\BaseModel->save()
#9 /var/www/html/visitantes/system/CodeIgniter.php(936): App\Controllers\Visitas->insert()
#10 /var/www/html/visitantes/system/CodeIgniter.php(432): CodeIgniter\CodeIgniter->runController()
#11 /var/www/html/visitantes/system/CodeIgniter.php(333): CodeIgniter\CodeIgniter->handleRequest()
#12 /var/www/html/visitantes/index.php(44): CodeIgniter\CodeIgniter->run()
#13 {main}
ERROR - 2022-03-17 09:19:40 --> mysqli_sql_exception: Cannot add or update a child row: a foreign key constraint fails (`bd_visitantes`.`visitas`, CONSTRAINT `visitas_ibfk_2` FOREIGN KEY (`institucion_id`) REFERENCES `instituciones` (`id_institucion`)) in /var/www/html/visitantes/system/Database/MySQLi/Connection.php:314
Stack trace:
#0 /var/www/html/visitantes/system/Database/MySQLi/Connection.php(314): mysqli->query()
#1 /var/www/html/visitantes/system/Database/BaseConnection.php(713): CodeIgniter\Database\MySQLi\Connection->execute()
#2 /var/www/html/visitantes/system/Database/BaseConnection.php(641): CodeIgniter\Database\BaseConnection->simpleQuery()
#3 /var/www/html/visitantes/system/Database/BaseBuilder.php(2263): CodeIgniter\Database\BaseConnection->query()
#4 /var/www/html/visitantes/system/Model.php(278): CodeIgniter\Database\BaseBuilder->insert()
#5 /var/www/html/visitantes/system/BaseModel.php(758): CodeIgniter\Model->doInsert()
#6 /var/www/html/visitantes/system/Model.php(705): CodeIgniter\BaseModel->insert()
#7 /var/www/html/visitantes/system/BaseModel.php(667): CodeIgniter\Model->insert()
#8 /var/www/html/visitantes/app/Controllers/Visitas.php(161): CodeIgniter\BaseModel->save()
#9 /var/www/html/visitantes/system/CodeIgniter.php(936): App\Controllers\Visitas->insert()
#10 /var/www/html/visitantes/system/CodeIgniter.php(432): CodeIgniter\CodeIgniter->runController()
#11 /var/www/html/visitantes/system/CodeIgniter.php(333): CodeIgniter\CodeIgniter->handleRequest()
#12 /var/www/html/visitantes/index.php(44): CodeIgniter\CodeIgniter->run()
#13 {main}
CRITICAL - 2022-03-17 09:19:40 --> Cannot add or update a child row: a foreign key constraint fails (`bd_visitantes`.`visitas`, CONSTRAINT `visitas_ibfk_2` FOREIGN KEY (`institucion_id`) REFERENCES `instituciones` (`id_institucion`))
#0 /var/www/html/visitantes/system/Database/MySQLi/Connection.php(314): mysqli->query()
#1 /var/www/html/visitantes/system/Database/BaseConnection.php(713): CodeIgniter\Database\MySQLi\Connection->execute()
#2 /var/www/html/visitantes/system/Database/BaseConnection.php(641): CodeIgniter\Database\BaseConnection->simpleQuery()
#3 /var/www/html/visitantes/system/Database/BaseBuilder.php(2263): CodeIgniter\Database\BaseConnection->query()
#4 /var/www/html/visitantes/system/Model.php(278): CodeIgniter\Database\BaseBuilder->insert()
#5 /var/www/html/visitantes/system/BaseModel.php(758): CodeIgniter\Model->doInsert()
#6 /var/www/html/visitantes/system/Model.php(705): CodeIgniter\BaseModel->insert()
#7 /var/www/html/visitantes/system/BaseModel.php(667): CodeIgniter\Model->insert()
#8 /var/www/html/visitantes/app/Controllers/Visitas.php(161): CodeIgniter\BaseModel->save()
#9 /var/www/html/visitantes/system/CodeIgniter.php(936): App\Controllers\Visitas->insert()
#10 /var/www/html/visitantes/system/CodeIgniter.php(432): CodeIgniter\CodeIgniter->runController()
#11 /var/www/html/visitantes/system/CodeIgniter.php(333): CodeIgniter\CodeIgniter->handleRequest()
#12 /var/www/html/visitantes/index.php(44): CodeIgniter\CodeIgniter->run()
#13 {main}
ERROR - 2022-03-17 09:23:05 --> mysqli_sql_exception: Cannot add or update a child row: a foreign key constraint fails (`bd_visitantes`.`visitas`, CONSTRAINT `visitas_ibfk_2` FOREIGN KEY (`institucion_id`) REFERENCES `instituciones` (`id_institucion`)) in /var/www/html/visitantes/system/Database/MySQLi/Connection.php:314
Stack trace:
#0 /var/www/html/visitantes/system/Database/MySQLi/Connection.php(314): mysqli->query()
#1 /var/www/html/visitantes/system/Database/BaseConnection.php(713): CodeIgniter\Database\MySQLi\Connection->execute()
#2 /var/www/html/visitantes/system/Database/BaseConnection.php(641): CodeIgniter\Database\BaseConnection->simpleQuery()
#3 /var/www/html/visitantes/system/Database/BaseBuilder.php(2263): CodeIgniter\Database\BaseConnection->query()
#4 /var/www/html/visitantes/system/Model.php(278): CodeIgniter\Database\BaseBuilder->insert()
#5 /var/www/html/visitantes/system/BaseModel.php(758): CodeIgniter\Model->doInsert()
#6 /var/www/html/visitantes/system/Model.php(705): CodeIgniter\BaseModel->insert()
#7 /var/www/html/visitantes/system/BaseModel.php(667): CodeIgniter\Model->insert()
#8 /var/www/html/visitantes/app/Controllers/Visitas.php(161): CodeIgniter\BaseModel->save()
#9 /var/www/html/visitantes/system/CodeIgniter.php(936): App\Controllers\Visitas->insert()
#10 /var/www/html/visitantes/system/CodeIgniter.php(432): CodeIgniter\CodeIgniter->runController()
#11 /var/www/html/visitantes/system/CodeIgniter.php(333): CodeIgniter\CodeIgniter->handleRequest()
#12 /var/www/html/visitantes/index.php(44): CodeIgniter\CodeIgniter->run()
#13 {main}
CRITICAL - 2022-03-17 09:23:05 --> Cannot add or update a child row: a foreign key constraint fails (`bd_visitantes`.`visitas`, CONSTRAINT `visitas_ibfk_2` FOREIGN KEY (`institucion_id`) REFERENCES `instituciones` (`id_institucion`))
#0 /var/www/html/visitantes/system/Database/MySQLi/Connection.php(314): mysqli->query()
#1 /var/www/html/visitantes/system/Database/BaseConnection.php(713): CodeIgniter\Database\MySQLi\Connection->execute()
#2 /var/www/html/visitantes/system/Database/BaseConnection.php(641): CodeIgniter\Database\BaseConnection->simpleQuery()
#3 /var/www/html/visitantes/system/Database/BaseBuilder.php(2263): CodeIgniter\Database\BaseConnection->query()
#4 /var/www/html/visitantes/system/Model.php(278): CodeIgniter\Database\BaseBuilder->insert()
#5 /var/www/html/visitantes/system/BaseModel.php(758): CodeIgniter\Model->doInsert()
#6 /var/www/html/visitantes/system/Model.php(705): CodeIgniter\BaseModel->insert()
#7 /var/www/html/visitantes/system/BaseModel.php(667): CodeIgniter\Model->insert()
#8 /var/www/html/visitantes/app/Controllers/Visitas.php(161): CodeIgniter\BaseModel->save()
#9 /var/www/html/visitantes/system/CodeIgniter.php(936): App\Controllers\Visitas->insert()
#10 /var/www/html/visitantes/system/CodeIgniter.php(432): CodeIgniter\CodeIgniter->runController()
#11 /var/www/html/visitantes/system/CodeIgniter.php(333): CodeIgniter\CodeIgniter->handleRequest()
#12 /var/www/html/visitantes/index.php(44): CodeIgniter\CodeIgniter->run()
#13 {main}
ERROR - 2022-03-17 09:32:56 --> mysqli_sql_exception: Column 'no_gafete' cannot be null in /var/www/html/visitantes/system/Database/MySQLi/Connection.php:314
Stack trace:
#0 /var/www/html/visitantes/system/Database/MySQLi/Connection.php(314): mysqli->query()
#1 /var/www/html/visitantes/system/Database/BaseConnection.php(713): CodeIgniter\Database\MySQLi\Connection->execute()
#2 /var/www/html/visitantes/system/Database/BaseConnection.php(641): CodeIgniter\Database\BaseConnection->simpleQuery()
#3 /var/www/html/visitantes/system/Database/BaseBuilder.php(2263): CodeIgniter\Database\BaseConnection->query()
#4 /var/www/html/visitantes/system/Model.php(278): CodeIgniter\Database\BaseBuilder->insert()
#5 /var/www/html/visitantes/system/BaseModel.php(758): CodeIgniter\Model->doInsert()
#6 /var/www/html/visitantes/system/Model.php(705): CodeIgniter\BaseModel->insert()
#7 /var/www/html/visitantes/system/BaseModel.php(667): CodeIgniter\Model->insert()
#8 /var/www/html/visitantes/app/Controllers/Visitas.php(161): CodeIgniter\BaseModel->save()
#9 /var/www/html/visitantes/system/CodeIgniter.php(936): App\Controllers\Visitas->insert()
#10 /var/www/html/visitantes/system/CodeIgniter.php(432): CodeIgniter\CodeIgniter->runController()
#11 /var/www/html/visitantes/system/CodeIgniter.php(333): CodeIgniter\CodeIgniter->handleRequest()
#12 /var/www/html/visitantes/index.php(44): CodeIgniter\CodeIgniter->run()
#13 {main}
CRITICAL - 2022-03-17 09:32:56 --> Column 'no_gafete' cannot be null
#0 /var/www/html/visitantes/system/Database/MySQLi/Connection.php(314): mysqli->query()
#1 /var/www/html/visitantes/system/Database/BaseConnection.php(713): CodeIgniter\Database\MySQLi\Connection->execute()
#2 /var/www/html/visitantes/system/Database/BaseConnection.php(641): CodeIgniter\Database\BaseConnection->simpleQuery()
#3 /var/www/html/visitantes/system/Database/BaseBuilder.php(2263): CodeIgniter\Database\BaseConnection->query()
#4 /var/www/html/visitantes/system/Model.php(278): CodeIgniter\Database\BaseBuilder->insert()
#5 /var/www/html/visitantes/system/BaseModel.php(758): CodeIgniter\Model->doInsert()
#6 /var/www/html/visitantes/system/Model.php(705): CodeIgniter\BaseModel->insert()
#7 /var/www/html/visitantes/system/BaseModel.php(667): CodeIgniter\Model->insert()
#8 /var/www/html/visitantes/app/Controllers/Visitas.php(161): CodeIgniter\BaseModel->save()
#9 /var/www/html/visitantes/system/CodeIgniter.php(936): App\Controllers\Visitas->insert()
#10 /var/www/html/visitantes/system/CodeIgniter.php(432): CodeIgniter\CodeIgniter->runController()
#11 /var/www/html/visitantes/system/CodeIgniter.php(333): CodeIgniter\CodeIgniter->handleRequest()
#12 /var/www/html/visitantes/index.php(44): CodeIgniter\CodeIgniter->run()
#13 {main}
ERROR - 2022-03-17 09:33:02 --> mysqli_sql_exception: Column 'no_gafete' cannot be null in /var/www/html/visitantes/system/Database/MySQLi/Connection.php:314
Stack trace:
#0 /var/www/html/visitantes/system/Database/MySQLi/Connection.php(314): mysqli->query()
#1 /var/www/html/visitantes/system/Database/BaseConnection.php(713): CodeIgniter\Database\MySQLi\Connection->execute()
#2 /var/www/html/visitantes/system/Database/BaseConnection.php(641): CodeIgniter\Database\BaseConnection->simpleQuery()
#3 /var/www/html/visitantes/system/Database/BaseBuilder.php(2263): CodeIgniter\Database\BaseConnection->query()
#4 /var/www/html/visitantes/system/Model.php(278): CodeIgniter\Database\BaseBuilder->insert()
#5 /var/www/html/visitantes/system/BaseModel.php(758): CodeIgniter\Model->doInsert()
#6 /var/www/html/visitantes/system/Model.php(705): CodeIgniter\BaseModel->insert()
#7 /var/www/html/visitantes/system/BaseModel.php(667): CodeIgniter\Model->insert()
#8 /var/www/html/visitantes/app/Controllers/Visitas.php(161): CodeIgniter\BaseModel->save()
#9 /var/www/html/visitantes/system/CodeIgniter.php(936): App\Controllers\Visitas->insert()
#10 /var/www/html/visitantes/system/CodeIgniter.php(432): CodeIgniter\CodeIgniter->runController()
#11 /var/www/html/visitantes/system/CodeIgniter.php(333): CodeIgniter\CodeIgniter->handleRequest()
#12 /var/www/html/visitantes/index.php(44): CodeIgniter\CodeIgniter->run()
#13 {main}
CRITICAL - 2022-03-17 09:33:02 --> Column 'no_gafete' cannot be null
#0 /var/www/html/visitantes/system/Database/MySQLi/Connection.php(314): mysqli->query()
#1 /var/www/html/visitantes/system/Database/BaseConnection.php(713): CodeIgniter\Database\MySQLi\Connection->execute()
#2 /var/www/html/visitantes/system/Database/BaseConnection.php(641): CodeIgniter\Database\BaseConnection->simpleQuery()
#3 /var/www/html/visitantes/system/Database/BaseBuilder.php(2263): CodeIgniter\Database\BaseConnection->query()
#4 /var/www/html/visitantes/system/Model.php(278): CodeIgniter\Database\BaseBuilder->insert()
#5 /var/www/html/visitantes/system/BaseModel.php(758): CodeIgniter\Model->doInsert()
#6 /var/www/html/visitantes/system/Model.php(705): CodeIgniter\BaseModel->insert()
#7 /var/www/html/visitantes/system/BaseModel.php(667): CodeIgniter\Model->insert()
#8 /var/www/html/visitantes/app/Controllers/Visitas.php(161): CodeIgniter\BaseModel->save()
#9 /var/www/html/visitantes/system/CodeIgniter.php(936): App\Controllers\Visitas->insert()
#10 /var/www/html/visitantes/system/CodeIgniter.php(432): CodeIgniter\CodeIgniter->runController()
#11 /var/www/html/visitantes/system/CodeIgniter.php(333): CodeIgniter\CodeIgniter->handleRequest()
#12 /var/www/html/visitantes/index.php(44): CodeIgniter\CodeIgniter->run()
#13 {main}
CRITICAL - 2022-03-17 09:47:16 --> Undefined property: App\Controllers\Instituciones::$url_opcion
#0 /var/www/html/visitantes/app/Controllers/Instituciones.php(17): CodeIgniter\Debug\Exceptions->errorHandler()
#1 /var/www/html/visitantes/system/CodeIgniter.php(908): App\Controllers\Instituciones->__construct()
#2 /var/www/html/visitantes/system/CodeIgniter.php(422): CodeIgniter\CodeIgniter->createController()
#3 /var/www/html/visitantes/system/CodeIgniter.php(333): CodeIgniter\CodeIgniter->handleRequest()
#4 /var/www/html/visitantes/index.php(44): CodeIgniter\CodeIgniter->run()
#5 {main}
CRITICAL - 2022-03-17 09:48:09 --> syntax error, unexpected token ";", expecting ")"
#0 /var/www/html/visitantes/system/Router/Router.php(170): CodeIgniter\Router\Router->autoRoute()
#1 /var/www/html/visitantes/system/CodeIgniter.php(816): CodeIgniter\Router\Router->handle()
#2 /var/www/html/visitantes/system/CodeIgniter.php(385): CodeIgniter\CodeIgniter->tryToRouteIt()
#3 /var/www/html/visitantes/system/CodeIgniter.php(333): CodeIgniter\CodeIgniter->handleRequest()
#4 /var/www/html/visitantes/index.php(44): CodeIgniter\CodeIgniter->run()
#5 {main}
CRITICAL - 2022-03-17 09:48:21 --> Undefined variable $controlador
#0 /var/www/html/visitantes/app/Views/instituciones/instituciones.php(51): CodeIgniter\Debug\Exceptions->errorHandler()
#1 /var/www/html/visitantes/system/View/View.php(220): include('...')
#2 /var/www/html/visitantes/system/View/View.php(222): CodeIgniter\View\View->CodeIgniter\View\{closure}()
#3 /var/www/html/visitantes/system/Common.php(1217): CodeIgniter\View\View->render()
#4 /var/www/html/visitantes/app/Controllers/Instituciones.php(40): view()
#5 /var/www/html/visitantes/system/CodeIgniter.php(936): App\Controllers\Instituciones->index()
#6 /var/www/html/visitantes/system/CodeIgniter.php(432): CodeIgniter\CodeIgniter->runController()
#7 /var/www/html/visitantes/system/CodeIgniter.php(333): CodeIgniter\CodeIgniter->handleRequest()
#8 /var/www/html/visitantes/index.php(44): CodeIgniter\CodeIgniter->run()
#9 {main}
CRITICAL - 2022-03-17 09:50:10 --> syntax error, unexpected token ":", expecting "->" or "?->" or "{" or "["
#0 /var/www/html/visitantes/system/View/View.php(222): CodeIgniter\View\View->CodeIgniter\View\{closure}()
#1 /var/www/html/visitantes/system/Common.php(1217): CodeIgniter\View\View->render()
#2 /var/www/html/visitantes/app/Controllers/Instituciones.php(40): view()
#3 /var/www/html/visitantes/system/CodeIgniter.php(936): App\Controllers\Instituciones->index()
#4 /var/www/html/visitantes/system/CodeIgniter.php(432): CodeIgniter\CodeIgniter->runController()
#5 /var/www/html/visitantes/system/CodeIgniter.php(333): CodeIgniter\CodeIgniter->handleRequest()
#6 /var/www/html/visitantes/index.php(44): CodeIgniter\CodeIgniter->run()
#7 {main}
CRITICAL - 2022-03-17 09:50:43 --> Undefined array key "id_institucion"
#0 /var/www/html/visitantes/app/Views/instituciones/instituciones.php(65): CodeIgniter\Debug\Exceptions->errorHandler()
#1 /var/www/html/visitantes/system/View/View.php(220): include('...')
#2 /var/www/html/visitantes/system/View/View.php(222): CodeIgniter\View\View->CodeIgniter\View\{closure}()
#3 /var/www/html/visitantes/system/Common.php(1217): CodeIgniter\View\View->render()
#4 /var/www/html/visitantes/app/Controllers/Instituciones.php(40): view()
#5 /var/www/html/visitantes/system/CodeIgniter.php(936): App\Controllers\Instituciones->index()
#6 /var/www/html/visitantes/system/CodeIgniter.php(432): CodeIgniter\CodeIgniter->runController()
#7 /var/www/html/visitantes/system/CodeIgniter.php(333): CodeIgniter\CodeIgniter->handleRequest()
#8 /var/www/html/visitantes/index.php(44): CodeIgniter\CodeIgniter->run()
#9 {main}
CRITICAL - 2022-03-17 09:59:36 --> Undefined variable $visita
#0 /var/www/html/visitantes/app/Views/instituciones/instituciones.php(72): CodeIgniter\Debug\Exceptions->errorHandler()
#1 /var/www/html/visitantes/system/View/View.php(220): include('...')
#2 /var/www/html/visitantes/system/View/View.php(222): CodeIgniter\View\View->CodeIgniter\View\{closure}()
#3 /var/www/html/visitantes/system/Common.php(1217): CodeIgniter\View\View->render()
#4 /var/www/html/visitantes/app/Controllers/Instituciones.php(40): view()
#5 /var/www/html/visitantes/system/CodeIgniter.php(936): App\Controllers\Instituciones->index()
#6 /var/www/html/visitantes/system/CodeIgniter.php(432): CodeIgniter\CodeIgniter->runController()
#7 /var/www/html/visitantes/system/CodeIgniter.php(333): CodeIgniter\CodeIgniter->handleRequest()
#8 /var/www/html/visitantes/index.php(44): CodeIgniter\CodeIgniter->run()
#9 {main}
CRITICAL - 2022-03-17 10:02:35 --> Undefined array key "estado_institucion"
#0 /var/www/html/visitantes/app/Views/instituciones/instituciones.php(69): CodeIgniter\Debug\Exceptions->errorHandler()
#1 /var/www/html/visitantes/system/View/View.php(220): include('...')
#2 /var/www/html/visitantes/system/View/View.php(222): CodeIgniter\View\View->CodeIgniter\View\{closure}()
#3 /var/www/html/visitantes/system/Common.php(1217): CodeIgniter\View\View->render()
#4 /var/www/html/visitantes/app/Controllers/Instituciones.php(40): view()
#5 /var/www/html/visitantes/system/CodeIgniter.php(936): App\Controllers\Instituciones->index()
#6 /var/www/html/visitantes/system/CodeIgniter.php(432): CodeIgniter\CodeIgniter->runController()
#7 /var/www/html/visitantes/system/CodeIgniter.php(333): CodeIgniter\CodeIgniter->handleRequest()
#8 /var/www/html/visitantes/index.php(44): CodeIgniter\CodeIgniter->run()
#9 {main}
CRITICAL - 2022-03-17 12:06:35 --> Call to undefined method App\Models\InstitucionesModel::obtener
#0 /var/www/html/visitantes/app/Controllers/Instituciones.php(95): CodeIgniter\Model->__call()
#1 /var/www/html/visitantes/system/CodeIgniter.php(936): App\Controllers\Instituciones->edit()
#2 /var/www/html/visitantes/system/CodeIgniter.php(432): CodeIgniter\CodeIgniter->runController()
#3 /var/www/html/visitantes/system/CodeIgniter.php(333): CodeIgniter\CodeIgniter->handleRequest()
#4 /var/www/html/visitantes/index.php(44): CodeIgniter\CodeIgniter->run()
#5 {main}
