CRITICAL - 2022-03-30 11:39:45 --> syntax error, unexpected token "endforeach"
#0 /var/www/html/visitantes/system/View/View.php(222): CodeIgniter\View\View->CodeIgniter\View\{closure}()
#1 /var/www/html/visitantes/system/Common.php(1217): CodeIgniter\View\View->render()
#2 /var/www/html/visitantes/app/Controllers/Visitantes.php(101): view()
#3 /var/www/html/visitantes/system/CodeIgniter.php(936): App\Controllers\Visitantes->view()
#4 /var/www/html/visitantes/system/CodeIgniter.php(432): CodeIgniter\CodeIgniter->runController()
#5 /var/www/html/visitantes/system/CodeIgniter.php(333): CodeIgniter\CodeIgniter->handleRequest()
#6 /var/www/html/visitantes/index.php(44): CodeIgniter\CodeIgniter->run()
#7 {main}
ERROR - 2022-03-30 13:20:00 --> Error connecting to the database: Access denied for user '****'@'localhost' (using password: YES)
CRITICAL - 2022-03-30 13:20:00 --> Unable to connect to the database.
#0 C:\laragon\www\visitantes\system\Database\BaseConnection.php(618): CodeIgniter\Database\BaseConnection->initialize()
#1 C:\laragon\www\visitantes\app\Models\UsuariosGralModel.php(211): CodeIgniter\Database\BaseConnection->query('SELECT privs.pu...', Array)
#2 C:\laragon\www\visitantes\app\Controllers\Login.php(19): App\Models\UsuariosGralModel->privs_opcion_menu_rol('/Login', NULL)
#3 C:\laragon\www\visitantes\system\CodeIgniter.php(908): App\Controllers\Login->__construct()
#4 C:\laragon\www\visitantes\system\CodeIgniter.php(422): CodeIgniter\CodeIgniter->createController()
#5 C:\laragon\www\visitantes\system\CodeIgniter.php(333): CodeIgniter\CodeIgniter->handleRequest(NULL, Object(Config\Cache), false)
#6 C:\laragon\www\visitantes\index.php(44): CodeIgniter\CodeIgniter->run()
#7 {main}
ERROR - 2022-03-30 13:20:18 --> Error connecting to the database: Access denied for user '****'@'localhost' (using password: YES)
CRITICAL - 2022-03-30 13:20:18 --> Unable to connect to the database.
#0 C:\laragon\www\visitantes\system\Database\BaseConnection.php(618): CodeIgniter\Database\BaseConnection->initialize()
#1 C:\laragon\www\visitantes\app\Models\UsuariosGralModel.php(211): CodeIgniter\Database\BaseConnection->query('SELECT privs.pu...', Array)
#2 C:\laragon\www\visitantes\app\Controllers\Login.php(19): App\Models\UsuariosGralModel->privs_opcion_menu_rol('/Login', NULL)
#3 C:\laragon\www\visitantes\system\CodeIgniter.php(908): App\Controllers\Login->__construct()
#4 C:\laragon\www\visitantes\system\CodeIgniter.php(422): CodeIgniter\CodeIgniter->createController()
#5 C:\laragon\www\visitantes\system\CodeIgniter.php(333): CodeIgniter\CodeIgniter->handleRequest(NULL, Object(Config\Cache), false)
#6 C:\laragon\www\visitantes\index.php(44): CodeIgniter\CodeIgniter->run()
#7 {main}
ERROR - 2022-03-30 13:23:50 --> mysqli_sql_exception: Unknown column 'status' in 'where clause' in C:\laragon\www\visitantes\system\Database\MySQLi\Connection.php:314
Stack trace:
#0 C:\laragon\www\visitantes\system\Database\MySQLi\Connection.php(314): mysqli->query('SELECT *\nFROM `...')
#1 C:\laragon\www\visitantes\system\Database\BaseConnection.php(713): CodeIgniter\Database\MySQLi\Connection->execute('SELECT *\nFROM `...')
#2 C:\laragon\www\visitantes\system\Database\BaseConnection.php(641): CodeIgniter\Database\BaseConnection->simpleQuery('SELECT *\nFROM `...')
#3 C:\laragon\www\visitantes\system\Database\BaseBuilder.php(1866): CodeIgniter\Database\BaseConnection->query('SELECT *\nFROM `...', Array, false)
#4 C:\laragon\www\visitantes\system\Model.php(213): CodeIgniter\Database\BaseBuilder->get()
#5 C:\laragon\www\visitantes\system\BaseModel.php(583): CodeIgniter\Model->doFindAll(0, 0)
#6 C:\laragon\www\visitantes\app\Controllers\Visitas.php(24): CodeIgniter\BaseModel->findAll()
#7 C:\laragon\www\visitantes\system\CodeIgniter.php(908): App\Controllers\Visitas->__construct()
#8 C:\laragon\www\visitantes\system\CodeIgniter.php(422): CodeIgniter\CodeIgniter->createController()
#9 C:\laragon\www\visitantes\system\CodeIgniter.php(333): CodeIgniter\CodeIgniter->handleRequest(NULL, Object(Config\Cache), false)
#10 C:\laragon\www\visitantes\index.php(44): CodeIgniter\CodeIgniter->run()
#11 {main}
CRITICAL - 2022-03-30 13:23:50 --> Unknown column 'status' in 'where clause'
#0 C:\laragon\www\visitantes\system\Database\MySQLi\Connection.php(314): mysqli->query('SELECT *\nFROM `...')
#1 C:\laragon\www\visitantes\system\Database\BaseConnection.php(713): CodeIgniter\Database\MySQLi\Connection->execute('SELECT *\nFROM `...')
#2 C:\laragon\www\visitantes\system\Database\BaseConnection.php(641): CodeIgniter\Database\BaseConnection->simpleQuery('SELECT *\nFROM `...')
#3 C:\laragon\www\visitantes\system\Database\BaseBuilder.php(1866): CodeIgniter\Database\BaseConnection->query('SELECT *\nFROM `...', Array, false)
#4 C:\laragon\www\visitantes\system\Model.php(213): CodeIgniter\Database\BaseBuilder->get()
#5 C:\laragon\www\visitantes\system\BaseModel.php(583): CodeIgniter\Model->doFindAll(0, 0)
#6 C:\laragon\www\visitantes\app\Controllers\Visitas.php(24): CodeIgniter\BaseModel->findAll()
#7 C:\laragon\www\visitantes\system\CodeIgniter.php(908): App\Controllers\Visitas->__construct()
#8 C:\laragon\www\visitantes\system\CodeIgniter.php(422): CodeIgniter\CodeIgniter->createController()
#9 C:\laragon\www\visitantes\system\CodeIgniter.php(333): CodeIgniter\CodeIgniter->handleRequest(NULL, Object(Config\Cache), false)
#10 C:\laragon\www\visitantes\index.php(44): CodeIgniter\CodeIgniter->run()
#11 {main}
ERROR - 2022-03-30 13:54:57 --> Error connecting to the database: Access denied for user '****'@'localhost' (using password: NO)
CRITICAL - 2022-03-30 13:54:57 --> Unable to connect to the database.
#0 C:\laragon\www\visitantes\system\Database\BaseConnection.php(618): CodeIgniter\Database\BaseConnection->initialize()
#1 C:\laragon\www\visitantes\app\Models\UsuariosGralModel.php(211): CodeIgniter\Database\BaseConnection->query('SELECT privs.pu...', Array)
#2 C:\laragon\www\visitantes\app\Controllers\Login.php(19): App\Models\UsuariosGralModel->privs_opcion_menu_rol('/Login', '9')
#3 C:\laragon\www\visitantes\system\CodeIgniter.php(908): App\Controllers\Login->__construct()
#4 C:\laragon\www\visitantes\system\CodeIgniter.php(422): CodeIgniter\CodeIgniter->createController()
#5 C:\laragon\www\visitantes\system\CodeIgniter.php(333): CodeIgniter\CodeIgniter->handleRequest(NULL, Object(Config\Cache), false)
#6 C:\laragon\www\visitantes\index.php(44): CodeIgniter\CodeIgniter->run()
#7 {main}
