CRITICAL - 2022-03-18 08:42:06 --> Undefined variable $datos
#0 /var/www/html/visitantes/app/Views/instituciones/instituciones.php(63): CodeIgniter\Debug\Exceptions->errorHandler()
#1 /var/www/html/visitantes/system/View/View.php(220): include('...')
#2 /var/www/html/visitantes/system/View/View.php(222): CodeIgniter\View\View->CodeIgniter\View\{closure}()
#3 /var/www/html/visitantes/system/Common.php(1217): CodeIgniter\View\View->render()
#4 /var/www/html/visitantes/app/Controllers/Motivos.php(46): view()
#5 /var/www/html/visitantes/system/CodeIgniter.php(936): App\Controllers\Motivos->index()
#6 /var/www/html/visitantes/system/CodeIgniter.php(432): CodeIgniter\CodeIgniter->runController()
#7 /var/www/html/visitantes/system/CodeIgniter.php(333): CodeIgniter\CodeIgniter->handleRequest()
#8 /var/www/html/visitantes/index.php(44): CodeIgniter\CodeIgniter->run()
#9 {main}
CRITICAL - 2022-03-18 08:42:24 --> Undefined variable $datos
#0 /var/www/html/visitantes/app/Views/instituciones/instituciones.php(63): CodeIgniter\Debug\Exceptions->errorHandler()
#1 /var/www/html/visitantes/system/View/View.php(220): include('...')
#2 /var/www/html/visitantes/system/View/View.php(222): CodeIgniter\View\View->CodeIgniter\View\{closure}()
#3 /var/www/html/visitantes/system/Common.php(1217): CodeIgniter\View\View->render()
#4 /var/www/html/visitantes/app/Controllers/Motivos.php(46): view()
#5 /var/www/html/visitantes/system/CodeIgniter.php(936): App\Controllers\Motivos->index()
#6 /var/www/html/visitantes/system/CodeIgniter.php(432): CodeIgniter\CodeIgniter->runController()
#7 /var/www/html/visitantes/system/CodeIgniter.php(333): CodeIgniter\CodeIgniter->handleRequest()
#8 /var/www/html/visitantes/index.php(44): CodeIgniter\CodeIgniter->run()
#9 {main}
CRITICAL - 2022-03-18 08:46:10 --> Undefined property: App\Controllers\Motivos::$controlador
#0 /var/www/html/visitantes/app/Controllers/Motivos.php(32): CodeIgniter\Debug\Exceptions->errorHandler()
#1 /var/www/html/visitantes/system/CodeIgniter.php(936): App\Controllers\Motivos->index()
#2 /var/www/html/visitantes/system/CodeIgniter.php(432): CodeIgniter\CodeIgniter->runController()
#3 /var/www/html/visitantes/system/CodeIgniter.php(333): CodeIgniter\CodeIgniter->handleRequest()
#4 /var/www/html/visitantes/index.php(44): CodeIgniter\CodeIgniter->run()
#5 {main}
CRITICAL - 2022-03-18 08:46:33 --> Undefined property: App\Controllers\Motivos::$controlador
#0 /var/www/html/visitantes/app/Controllers/Motivos.php(32): CodeIgniter\Debug\Exceptions->errorHandler()
#1 /var/www/html/visitantes/system/CodeIgniter.php(936): App\Controllers\Motivos->index()
#2 /var/www/html/visitantes/system/CodeIgniter.php(432): CodeIgniter\CodeIgniter->runController()
#3 /var/www/html/visitantes/system/CodeIgniter.php(333): CodeIgniter\CodeIgniter->handleRequest()
#4 /var/www/html/visitantes/index.php(44): CodeIgniter\CodeIgniter->run()
#5 {main}
CRITICAL - 2022-03-18 08:49:15 --> Undefined array key "nombre_institucion"
#0 /var/www/html/visitantes/app/Views/instituciones/instituciones.php(66): CodeIgniter\Debug\Exceptions->errorHandler()
#1 /var/www/html/visitantes/system/View/View.php(220): include('...')
#2 /var/www/html/visitantes/system/View/View.php(222): CodeIgniter\View\View->CodeIgniter\View\{closure}()
#3 /var/www/html/visitantes/system/Common.php(1217): CodeIgniter\View\View->render()
#4 /var/www/html/visitantes/app/Controllers/Motivos.php(40): view()
#5 /var/www/html/visitantes/system/CodeIgniter.php(936): App\Controllers\Motivos->index()
#6 /var/www/html/visitantes/system/CodeIgniter.php(432): CodeIgniter\CodeIgniter->runController()
#7 /var/www/html/visitantes/system/CodeIgniter.php(333): CodeIgniter\CodeIgniter->handleRequest()
#8 /var/www/html/visitantes/index.php(44): CodeIgniter\CodeIgniter->run()
#9 {main}
CRITICAL - 2022-03-18 08:53:08 --> Undefined variable $controlador
#0 /var/www/html/visitantes/app/Views/motivos/motivos.php(3): CodeIgniter\Debug\Exceptions->errorHandler()
#1 /var/www/html/visitantes/system/View/View.php(220): include('...')
#2 /var/www/html/visitantes/system/View/View.php(222): CodeIgniter\View\View->CodeIgniter\View\{closure}()
#3 /var/www/html/visitantes/system/Common.php(1217): CodeIgniter\View\View->render()
#4 /var/www/html/visitantes/app/Controllers/Motivos.php(40): view()
#5 /var/www/html/visitantes/system/CodeIgniter.php(936): App\Controllers\Motivos->index()
#6 /var/www/html/visitantes/system/CodeIgniter.php(432): CodeIgniter\CodeIgniter->runController()
#7 /var/www/html/visitantes/system/CodeIgniter.php(333): CodeIgniter\CodeIgniter->handleRequest()
#8 /var/www/html/visitantes/index.php(44): CodeIgniter\CodeIgniter->run()
#9 {main}
CRITICAL - 2022-03-18 08:53:21 --> Undefined variable $controlador
#0 /var/www/html/visitantes/app/Views/motivos/motivos.php(51): CodeIgniter\Debug\Exceptions->errorHandler()
#1 /var/www/html/visitantes/system/View/View.php(220): include('...')
#2 /var/www/html/visitantes/system/View/View.php(222): CodeIgniter\View\View->CodeIgniter\View\{closure}()
#3 /var/www/html/visitantes/system/Common.php(1217): CodeIgniter\View\View->render()
#4 /var/www/html/visitantes/app/Controllers/Motivos.php(40): view()
#5 /var/www/html/visitantes/system/CodeIgniter.php(936): App\Controllers\Motivos->index()
#6 /var/www/html/visitantes/system/CodeIgniter.php(432): CodeIgniter\CodeIgniter->runController()
#7 /var/www/html/visitantes/system/CodeIgniter.php(333): CodeIgniter\CodeIgniter->handleRequest()
#8 /var/www/html/visitantes/index.php(44): CodeIgniter\CodeIgniter->run()
#9 {main}
CRITICAL - 2022-03-18 08:57:00 --> Undefined array key "id_institucion"
#0 /var/www/html/visitantes/app/Views/motivos/motivos.php(78): CodeIgniter\Debug\Exceptions->errorHandler()
#1 /var/www/html/visitantes/system/View/View.php(220): include('...')
#2 /var/www/html/visitantes/system/View/View.php(222): CodeIgniter\View\View->CodeIgniter\View\{closure}()
#3 /var/www/html/visitantes/system/Common.php(1217): CodeIgniter\View\View->render()
#4 /var/www/html/visitantes/app/Controllers/Motivos.php(40): view()
#5 /var/www/html/visitantes/system/CodeIgniter.php(936): App\Controllers\Motivos->index()
#6 /var/www/html/visitantes/system/CodeIgniter.php(432): CodeIgniter\CodeIgniter->runController()
#7 /var/www/html/visitantes/system/CodeIgniter.php(333): CodeIgniter\CodeIgniter->handleRequest()
#8 /var/www/html/visitantes/index.php(44): CodeIgniter\CodeIgniter->run()
#9 {main}
CRITICAL - 2022-03-18 09:09:38 --> Too few arguments to function App\Controllers\Motivos::edit(), 0 passed in /var/www/html/visitantes/system/CodeIgniter.php on line 936 and exactly 1 expected
#0 /var/www/html/visitantes/system/CodeIgniter.php(936): App\Controllers\Motivos->edit()
#1 /var/www/html/visitantes/system/CodeIgniter.php(432): CodeIgniter\CodeIgniter->runController()
#2 /var/www/html/visitantes/system/CodeIgniter.php(333): CodeIgniter\CodeIgniter->handleRequest()
#3 /var/www/html/visitantes/index.php(44): CodeIgniter\CodeIgniter->run()
#4 {main}
ERROR - 2022-03-18 09:15:02 --> mysqli_sql_exception: Unknown column 'id_institucion' in 'where clause' in /var/www/html/visitantes/system/Database/MySQLi/Connection.php:314
Stack trace:
#0 /var/www/html/visitantes/system/Database/MySQLi/Connection.php(314): mysqli->query()
#1 /var/www/html/visitantes/system/Database/BaseConnection.php(713): CodeIgniter\Database\MySQLi\Connection->execute()
#2 /var/www/html/visitantes/system/Database/BaseConnection.php(641): CodeIgniter\Database\BaseConnection->simpleQuery()
#3 /var/www/html/visitantes/system/Database/BaseBuilder.php(1866): CodeIgniter\Database\BaseConnection->query()
#4 /var/www/html/visitantes/system/Model.php(247): CodeIgniter\Database\BaseBuilder->get()
#5 /var/www/html/visitantes/system/BaseModel.php(624): CodeIgniter\Model->doFirst()
#6 /var/www/html/visitantes/app/Controllers/Motivos.php(95): CodeIgniter\BaseModel->first()
#7 /var/www/html/visitantes/system/CodeIgniter.php(936): App\Controllers\Motivos->edit()
#8 /var/www/html/visitantes/system/CodeIgniter.php(432): CodeIgniter\CodeIgniter->runController()
#9 /var/www/html/visitantes/system/CodeIgniter.php(333): CodeIgniter\CodeIgniter->handleRequest()
#10 /var/www/html/visitantes/index.php(44): CodeIgniter\CodeIgniter->run()
#11 {main}
CRITICAL - 2022-03-18 09:15:02 --> Unknown column 'id_institucion' in 'where clause'
#0 /var/www/html/visitantes/system/Database/MySQLi/Connection.php(314): mysqli->query()
#1 /var/www/html/visitantes/system/Database/BaseConnection.php(713): CodeIgniter\Database\MySQLi\Connection->execute()
#2 /var/www/html/visitantes/system/Database/BaseConnection.php(641): CodeIgniter\Database\BaseConnection->simpleQuery()
#3 /var/www/html/visitantes/system/Database/BaseBuilder.php(1866): CodeIgniter\Database\BaseConnection->query()
#4 /var/www/html/visitantes/system/Model.php(247): CodeIgniter\Database\BaseBuilder->get()
#5 /var/www/html/visitantes/system/BaseModel.php(624): CodeIgniter\Model->doFirst()
#6 /var/www/html/visitantes/app/Controllers/Motivos.php(95): CodeIgniter\BaseModel->first()
#7 /var/www/html/visitantes/system/CodeIgniter.php(936): App\Controllers\Motivos->edit()
#8 /var/www/html/visitantes/system/CodeIgniter.php(432): CodeIgniter\CodeIgniter->runController()
#9 /var/www/html/visitantes/system/CodeIgniter.php(333): CodeIgniter\CodeIgniter->handleRequest()
#10 /var/www/html/visitantes/index.php(44): CodeIgniter\CodeIgniter->run()
#11 {main}
ERROR - 2022-03-18 09:15:08 --> mysqli_sql_exception: Unknown column 'id_institucion' in 'where clause' in /var/www/html/visitantes/system/Database/MySQLi/Connection.php:314
Stack trace:
#0 /var/www/html/visitantes/system/Database/MySQLi/Connection.php(314): mysqli->query()
#1 /var/www/html/visitantes/system/Database/BaseConnection.php(713): CodeIgniter\Database\MySQLi\Connection->execute()
#2 /var/www/html/visitantes/system/Database/BaseConnection.php(641): CodeIgniter\Database\BaseConnection->simpleQuery()
#3 /var/www/html/visitantes/system/Database/BaseBuilder.php(1866): CodeIgniter\Database\BaseConnection->query()
#4 /var/www/html/visitantes/system/Model.php(247): CodeIgniter\Database\BaseBuilder->get()
#5 /var/www/html/visitantes/system/BaseModel.php(624): CodeIgniter\Model->doFirst()
#6 /var/www/html/visitantes/app/Controllers/Motivos.php(95): CodeIgniter\BaseModel->first()
#7 /var/www/html/visitantes/system/CodeIgniter.php(936): App\Controllers\Motivos->edit()
#8 /var/www/html/visitantes/system/CodeIgniter.php(432): CodeIgniter\CodeIgniter->runController()
#9 /var/www/html/visitantes/system/CodeIgniter.php(333): CodeIgniter\CodeIgniter->handleRequest()
#10 /var/www/html/visitantes/index.php(44): CodeIgniter\CodeIgniter->run()
#11 {main}
CRITICAL - 2022-03-18 09:15:08 --> Unknown column 'id_institucion' in 'where clause'
#0 /var/www/html/visitantes/system/Database/MySQLi/Connection.php(314): mysqli->query()
#1 /var/www/html/visitantes/system/Database/BaseConnection.php(713): CodeIgniter\Database\MySQLi\Connection->execute()
#2 /var/www/html/visitantes/system/Database/BaseConnection.php(641): CodeIgniter\Database\BaseConnection->simpleQuery()
#3 /var/www/html/visitantes/system/Database/BaseBuilder.php(1866): CodeIgniter\Database\BaseConnection->query()
#4 /var/www/html/visitantes/system/Model.php(247): CodeIgniter\Database\BaseBuilder->get()
#5 /var/www/html/visitantes/system/BaseModel.php(624): CodeIgniter\Model->doFirst()
#6 /var/www/html/visitantes/app/Controllers/Motivos.php(95): CodeIgniter\BaseModel->first()
#7 /var/www/html/visitantes/system/CodeIgniter.php(936): App\Controllers\Motivos->edit()
#8 /var/www/html/visitantes/system/CodeIgniter.php(432): CodeIgniter\CodeIgniter->runController()
#9 /var/www/html/visitantes/system/CodeIgniter.php(333): CodeIgniter\CodeIgniter->handleRequest()
#10 /var/www/html/visitantes/index.php(44): CodeIgniter\CodeIgniter->run()
#11 {main}
CRITICAL - 2022-03-18 09:30:09 --> require_once(app/Views/modals/modalInstituciones.php): Failed to open stream: No such file or directory
#0 /var/www/html/visitantes/app/Helpers/operaciones_helper.php(11): CodeIgniter\Debug\Exceptions->errorHandler()
#1 /var/www/html/visitantes/app/Helpers/operaciones_helper.php(11): require_once()
#2 /var/www/html/visitantes/app/Views/visitas/new.php(3): getModal()
#3 /var/www/html/visitantes/system/View/View.php(220): include('...')
#4 /var/www/html/visitantes/system/View/View.php(222): CodeIgniter\View\View->CodeIgniter\View\{closure}()
#5 /var/www/html/visitantes/system/Common.php(1217): CodeIgniter\View\View->render()
#6 /var/www/html/visitantes/app/Controllers/Visitas.php(77): view()
#7 /var/www/html/visitantes/system/CodeIgniter.php(936): App\Controllers\Visitas->create()
#8 /var/www/html/visitantes/system/CodeIgniter.php(432): CodeIgniter\CodeIgniter->runController()
#9 /var/www/html/visitantes/system/CodeIgniter.php(333): CodeIgniter\CodeIgniter->handleRequest()
#10 /var/www/html/visitantes/index.php(44): CodeIgniter\CodeIgniter->run()
#11 {main}
CRITICAL - 2022-03-18 09:30:22 --> require_once(app/Views/modals/modalInstituciones.php): Failed to open stream: No such file or directory
#0 /var/www/html/visitantes/app/Helpers/operaciones_helper.php(11): CodeIgniter\Debug\Exceptions->errorHandler()
#1 /var/www/html/visitantes/app/Helpers/operaciones_helper.php(11): require_once()
#2 /var/www/html/visitantes/app/Views/visitas/new.php(3): getModal()
#3 /var/www/html/visitantes/system/View/View.php(220): include('...')
#4 /var/www/html/visitantes/system/View/View.php(222): CodeIgniter\View\View->CodeIgniter\View\{closure}()
#5 /var/www/html/visitantes/system/Common.php(1217): CodeIgniter\View\View->render()
#6 /var/www/html/visitantes/app/Controllers/Visitas.php(77): view()
#7 /var/www/html/visitantes/system/CodeIgniter.php(936): App\Controllers\Visitas->create()
#8 /var/www/html/visitantes/system/CodeIgniter.php(432): CodeIgniter\CodeIgniter->runController()
#9 /var/www/html/visitantes/system/CodeIgniter.php(333): CodeIgniter\CodeIgniter->handleRequest()
#10 /var/www/html/visitantes/index.php(44): CodeIgniter\CodeIgniter->run()
#11 {main}
CRITICAL - 2022-03-18 09:30:29 --> require_once(app/Views/modals/modalInstituciones.php): Failed to open stream: No such file or directory
#0 /var/www/html/visitantes/app/Helpers/operaciones_helper.php(11): CodeIgniter\Debug\Exceptions->errorHandler()
#1 /var/www/html/visitantes/app/Helpers/operaciones_helper.php(11): require_once()
#2 /var/www/html/visitantes/app/Views/visitas/new.php(3): getModal()
#3 /var/www/html/visitantes/system/View/View.php(220): include('...')
#4 /var/www/html/visitantes/system/View/View.php(222): CodeIgniter\View\View->CodeIgniter\View\{closure}()
#5 /var/www/html/visitantes/system/Common.php(1217): CodeIgniter\View\View->render()
#6 /var/www/html/visitantes/app/Controllers/Visitas.php(77): view()
#7 /var/www/html/visitantes/system/CodeIgniter.php(936): App\Controllers\Visitas->create()
#8 /var/www/html/visitantes/system/CodeIgniter.php(432): CodeIgniter\CodeIgniter->runController()
#9 /var/www/html/visitantes/system/CodeIgniter.php(333): CodeIgniter\CodeIgniter->handleRequest()
#10 /var/www/html/visitantes/index.php(44): CodeIgniter\CodeIgniter->run()
#11 {main}
CRITICAL - 2022-03-18 09:30:33 --> require_once(app/Views/modals/modalInstituciones.php): Failed to open stream: No such file or directory
#0 /var/www/html/visitantes/app/Helpers/operaciones_helper.php(11): CodeIgniter\Debug\Exceptions->errorHandler()
#1 /var/www/html/visitantes/app/Helpers/operaciones_helper.php(11): require_once()
#2 /var/www/html/visitantes/app/Views/visitas/new.php(3): getModal()
#3 /var/www/html/visitantes/system/View/View.php(220): include('...')
#4 /var/www/html/visitantes/system/View/View.php(222): CodeIgniter\View\View->CodeIgniter\View\{closure}()
#5 /var/www/html/visitantes/system/Common.php(1217): CodeIgniter\View\View->render()
#6 /var/www/html/visitantes/app/Controllers/Visitas.php(77): view()
#7 /var/www/html/visitantes/system/CodeIgniter.php(936): App\Controllers\Visitas->create()
#8 /var/www/html/visitantes/system/CodeIgniter.php(432): CodeIgniter\CodeIgniter->runController()
#9 /var/www/html/visitantes/system/CodeIgniter.php(333): CodeIgniter\CodeIgniter->handleRequest()
#10 /var/www/html/visitantes/index.php(44): CodeIgniter\CodeIgniter->run()
#11 {main}
CRITICAL - 2022-03-18 09:30:50 --> require_once(app/Views/modals/modalInstituciones.php): Failed to open stream: No such file or directory
#0 /var/www/html/visitantes/app/Helpers/operaciones_helper.php(11): CodeIgniter\Debug\Exceptions->errorHandler()
#1 /var/www/html/visitantes/app/Helpers/operaciones_helper.php(11): require_once()
#2 /var/www/html/visitantes/app/Views/visitas/new.php(3): getModal()
#3 /var/www/html/visitantes/system/View/View.php(220): include('...')
#4 /var/www/html/visitantes/system/View/View.php(222): CodeIgniter\View\View->CodeIgniter\View\{closure}()
#5 /var/www/html/visitantes/system/Common.php(1217): CodeIgniter\View\View->render()
#6 /var/www/html/visitantes/app/Controllers/Visitas.php(77): view()
#7 /var/www/html/visitantes/system/CodeIgniter.php(936): App\Controllers\Visitas->create()
#8 /var/www/html/visitantes/system/CodeIgniter.php(432): CodeIgniter\CodeIgniter->runController()
#9 /var/www/html/visitantes/system/CodeIgniter.php(333): CodeIgniter\CodeIgniter->handleRequest()
#10 /var/www/html/visitantes/index.php(44): CodeIgniter\CodeIgniter->run()
#11 {main}
CRITICAL - 2022-03-18 09:31:28 --> require_once(app/Views/modals/modalInstituciones.php): Failed to open stream: No such file or directory
#0 /var/www/html/visitantes/app/Helpers/operaciones_helper.php(11): CodeIgniter\Debug\Exceptions->errorHandler()
#1 /var/www/html/visitantes/app/Helpers/operaciones_helper.php(11): require_once()
#2 /var/www/html/visitantes/app/Views/visitas/new.php(3): getModal()
#3 /var/www/html/visitantes/system/View/View.php(220): include('...')
#4 /var/www/html/visitantes/system/View/View.php(222): CodeIgniter\View\View->CodeIgniter\View\{closure}()
#5 /var/www/html/visitantes/system/Common.php(1217): CodeIgniter\View\View->render()
#6 /var/www/html/visitantes/app/Controllers/Visitas.php(77): view()
#7 /var/www/html/visitantes/system/CodeIgniter.php(936): App\Controllers\Visitas->create()
#8 /var/www/html/visitantes/system/CodeIgniter.php(432): CodeIgniter\CodeIgniter->runController()
#9 /var/www/html/visitantes/system/CodeIgniter.php(333): CodeIgniter\CodeIgniter->handleRequest()
#10 /var/www/html/visitantes/index.php(44): CodeIgniter\CodeIgniter->run()
#11 {main}
CRITICAL - 2022-03-18 09:32:30 --> syntax error, unexpected token ","
#0 /var/www/html/visitantes/system/View/View.php(222): CodeIgniter\View\View->CodeIgniter\View\{closure}()
#1 /var/www/html/visitantes/system/Common.php(1217): CodeIgniter\View\View->render()
#2 /var/www/html/visitantes/app/Controllers/Visitas.php(77): view()
#3 /var/www/html/visitantes/system/CodeIgniter.php(936): App\Controllers\Visitas->create()
#4 /var/www/html/visitantes/system/CodeIgniter.php(432): CodeIgniter\CodeIgniter->runController()
#5 /var/www/html/visitantes/system/CodeIgniter.php(333): CodeIgniter\CodeIgniter->handleRequest()
#6 /var/www/html/visitantes/index.php(44): CodeIgniter\CodeIgniter->run()
#7 {main}
CRITICAL - 2022-03-18 09:32:44 --> require_once(modalInstituciones): Failed to open stream: No such file or directory
#0 /var/www/html/visitantes/app/Views/visitas/new.php(3): CodeIgniter\Debug\Exceptions->errorHandler()
#1 /var/www/html/visitantes/app/Views/visitas/new.php(3): require_once()
#2 /var/www/html/visitantes/system/View/View.php(220): include('...')
#3 /var/www/html/visitantes/system/View/View.php(222): CodeIgniter\View\View->CodeIgniter\View\{closure}()
#4 /var/www/html/visitantes/system/Common.php(1217): CodeIgniter\View\View->render()
#5 /var/www/html/visitantes/app/Controllers/Visitas.php(77): view()
#6 /var/www/html/visitantes/system/CodeIgniter.php(936): App\Controllers\Visitas->create()
#7 /var/www/html/visitantes/system/CodeIgniter.php(432): CodeIgniter\CodeIgniter->runController()
#8 /var/www/html/visitantes/system/CodeIgniter.php(333): CodeIgniter\CodeIgniter->handleRequest()
#9 /var/www/html/visitantes/index.php(44): CodeIgniter\CodeIgniter->run()
#10 {main}
CRITICAL - 2022-03-18 09:33:15 --> require_once(Views/instituciones/modalInstituciones): Failed to open stream: No such file or directory
#0 /var/www/html/visitantes/app/Views/visitas/new.php(3): CodeIgniter\Debug\Exceptions->errorHandler()
#1 /var/www/html/visitantes/app/Views/visitas/new.php(3): require_once()
#2 /var/www/html/visitantes/system/View/View.php(220): include('...')
#3 /var/www/html/visitantes/system/View/View.php(222): CodeIgniter\View\View->CodeIgniter\View\{closure}()
#4 /var/www/html/visitantes/system/Common.php(1217): CodeIgniter\View\View->render()
#5 /var/www/html/visitantes/app/Controllers/Visitas.php(77): view()
#6 /var/www/html/visitantes/system/CodeIgniter.php(936): App\Controllers\Visitas->create()
#7 /var/www/html/visitantes/system/CodeIgniter.php(432): CodeIgniter\CodeIgniter->runController()
#8 /var/www/html/visitantes/system/CodeIgniter.php(333): CodeIgniter\CodeIgniter->handleRequest()
#9 /var/www/html/visitantes/index.php(44): CodeIgniter\CodeIgniter->run()
#10 {main}
CRITICAL - 2022-03-18 09:34:54 --> require_once(instituciones/modalInstituciones): Failed to open stream: No such file or directory
#0 /var/www/html/visitantes/app/Views/visitas/new.php(3): CodeIgniter\Debug\Exceptions->errorHandler()
#1 /var/www/html/visitantes/app/Views/visitas/new.php(3): require_once()
#2 /var/www/html/visitantes/system/View/View.php(220): include('...')
#3 /var/www/html/visitantes/system/View/View.php(222): CodeIgniter\View\View->CodeIgniter\View\{closure}()
#4 /var/www/html/visitantes/system/Common.php(1217): CodeIgniter\View\View->render()
#5 /var/www/html/visitantes/app/Controllers/Visitas.php(77): view()
#6 /var/www/html/visitantes/system/CodeIgniter.php(936): App\Controllers\Visitas->create()
#7 /var/www/html/visitantes/system/CodeIgniter.php(432): CodeIgniter\CodeIgniter->runController()
#8 /var/www/html/visitantes/system/CodeIgniter.php(333): CodeIgniter\CodeIgniter->handleRequest()
#9 /var/www/html/visitantes/index.php(44): CodeIgniter\CodeIgniter->run()
#10 {main}
CRITICAL - 2022-03-18 09:35:10 --> require_once(../instituciones/modalInstituciones): Failed to open stream: No such file or directory
#0 /var/www/html/visitantes/app/Views/visitas/new.php(3): CodeIgniter\Debug\Exceptions->errorHandler()
#1 /var/www/html/visitantes/app/Views/visitas/new.php(3): require_once()
#2 /var/www/html/visitantes/system/View/View.php(220): include('...')
#3 /var/www/html/visitantes/system/View/View.php(222): CodeIgniter\View\View->CodeIgniter\View\{closure}()
#4 /var/www/html/visitantes/system/Common.php(1217): CodeIgniter\View\View->render()
#5 /var/www/html/visitantes/app/Controllers/Visitas.php(77): view()
#6 /var/www/html/visitantes/system/CodeIgniter.php(936): App\Controllers\Visitas->create()
#7 /var/www/html/visitantes/system/CodeIgniter.php(432): CodeIgniter\CodeIgniter->runController()
#8 /var/www/html/visitantes/system/CodeIgniter.php(333): CodeIgniter\CodeIgniter->handleRequest()
#9 /var/www/html/visitantes/index.php(44): CodeIgniter\CodeIgniter->run()
#10 {main}
CRITICAL - 2022-03-18 09:35:32 --> require_once(../instituciones/modalInstituciones): Failed to open stream: No such file or directory
#0 /var/www/html/visitantes/app/Views/visitas/new.php(3): CodeIgniter\Debug\Exceptions->errorHandler()
#1 /var/www/html/visitantes/app/Views/visitas/new.php(3): require_once()
#2 /var/www/html/visitantes/system/View/View.php(220): include('...')
#3 /var/www/html/visitantes/system/View/View.php(222): CodeIgniter\View\View->CodeIgniter\View\{closure}()
#4 /var/www/html/visitantes/system/Common.php(1217): CodeIgniter\View\View->render()
#5 /var/www/html/visitantes/app/Controllers/Visitas.php(77): view()
#6 /var/www/html/visitantes/system/CodeIgniter.php(936): App\Controllers\Visitas->create()
#7 /var/www/html/visitantes/system/CodeIgniter.php(432): CodeIgniter\CodeIgniter->runController()
#8 /var/www/html/visitantes/system/CodeIgniter.php(333): CodeIgniter\CodeIgniter->handleRequest()
#9 /var/www/html/visitantes/index.php(44): CodeIgniter\CodeIgniter->run()
#10 {main}
CRITICAL - 2022-03-18 09:35:33 --> require_once(../instituciones/modalInstituciones): Failed to open stream: No such file or directory
#0 /var/www/html/visitantes/app/Views/visitas/new.php(3): CodeIgniter\Debug\Exceptions->errorHandler()
#1 /var/www/html/visitantes/app/Views/visitas/new.php(3): require_once()
#2 /var/www/html/visitantes/system/View/View.php(220): include('...')
#3 /var/www/html/visitantes/system/View/View.php(222): CodeIgniter\View\View->CodeIgniter\View\{closure}()
#4 /var/www/html/visitantes/system/Common.php(1217): CodeIgniter\View\View->render()
#5 /var/www/html/visitantes/app/Controllers/Visitas.php(77): view()
#6 /var/www/html/visitantes/system/CodeIgniter.php(936): App\Controllers\Visitas->create()
#7 /var/www/html/visitantes/system/CodeIgniter.php(432): CodeIgniter\CodeIgniter->runController()
#8 /var/www/html/visitantes/system/CodeIgniter.php(333): CodeIgniter\CodeIgniter->handleRequest()
#9 /var/www/html/visitantes/index.php(44): CodeIgniter\CodeIgniter->run()
#10 {main}
CRITICAL - 2022-03-18 09:35:34 --> require_once(../instituciones/modalInstituciones): Failed to open stream: No such file or directory
#0 /var/www/html/visitantes/app/Views/visitas/new.php(3): CodeIgniter\Debug\Exceptions->errorHandler()
#1 /var/www/html/visitantes/app/Views/visitas/new.php(3): require_once()
#2 /var/www/html/visitantes/system/View/View.php(220): include('...')
#3 /var/www/html/visitantes/system/View/View.php(222): CodeIgniter\View\View->CodeIgniter\View\{closure}()
#4 /var/www/html/visitantes/system/Common.php(1217): CodeIgniter\View\View->render()
#5 /var/www/html/visitantes/app/Controllers/Visitas.php(77): view()
#6 /var/www/html/visitantes/system/CodeIgniter.php(936): App\Controllers\Visitas->create()
#7 /var/www/html/visitantes/system/CodeIgniter.php(432): CodeIgniter\CodeIgniter->runController()
#8 /var/www/html/visitantes/system/CodeIgniter.php(333): CodeIgniter\CodeIgniter->handleRequest()
#9 /var/www/html/visitantes/index.php(44): CodeIgniter\CodeIgniter->run()
#10 {main}
CRITICAL - 2022-03-18 09:35:34 --> require_once(../instituciones/modalInstituciones): Failed to open stream: No such file or directory
#0 /var/www/html/visitantes/app/Views/visitas/new.php(3): CodeIgniter\Debug\Exceptions->errorHandler()
#1 /var/www/html/visitantes/app/Views/visitas/new.php(3): require_once()
#2 /var/www/html/visitantes/system/View/View.php(220): include('...')
#3 /var/www/html/visitantes/system/View/View.php(222): CodeIgniter\View\View->CodeIgniter\View\{closure}()
#4 /var/www/html/visitantes/system/Common.php(1217): CodeIgniter\View\View->render()
#5 /var/www/html/visitantes/app/Controllers/Visitas.php(77): view()
#6 /var/www/html/visitantes/system/CodeIgniter.php(936): App\Controllers\Visitas->create()
#7 /var/www/html/visitantes/system/CodeIgniter.php(432): CodeIgniter\CodeIgniter->runController()
#8 /var/www/html/visitantes/system/CodeIgniter.php(333): CodeIgniter\CodeIgniter->handleRequest()
#9 /var/www/html/visitantes/index.php(44): CodeIgniter\CodeIgniter->run()
#10 {main}
CRITICAL - 2022-03-18 09:35:34 --> require_once(../instituciones/modalInstituciones): Failed to open stream: No such file or directory
#0 /var/www/html/visitantes/app/Views/visitas/new.php(3): CodeIgniter\Debug\Exceptions->errorHandler()
#1 /var/www/html/visitantes/app/Views/visitas/new.php(3): require_once()
#2 /var/www/html/visitantes/system/View/View.php(220): include('...')
#3 /var/www/html/visitantes/system/View/View.php(222): CodeIgniter\View\View->CodeIgniter\View\{closure}()
#4 /var/www/html/visitantes/system/Common.php(1217): CodeIgniter\View\View->render()
#5 /var/www/html/visitantes/app/Controllers/Visitas.php(77): view()
#6 /var/www/html/visitantes/system/CodeIgniter.php(936): App\Controllers\Visitas->create()
#7 /var/www/html/visitantes/system/CodeIgniter.php(432): CodeIgniter\CodeIgniter->runController()
#8 /var/www/html/visitantes/system/CodeIgniter.php(333): CodeIgniter\CodeIgniter->handleRequest()
#9 /var/www/html/visitantes/index.php(44): CodeIgniter\CodeIgniter->run()
#10 {main}
CRITICAL - 2022-03-18 09:35:34 --> require_once(../instituciones/modalInstituciones): Failed to open stream: No such file or directory
#0 /var/www/html/visitantes/app/Views/visitas/new.php(3): CodeIgniter\Debug\Exceptions->errorHandler()
#1 /var/www/html/visitantes/app/Views/visitas/new.php(3): require_once()
#2 /var/www/html/visitantes/system/View/View.php(220): include('...')
#3 /var/www/html/visitantes/system/View/View.php(222): CodeIgniter\View\View->CodeIgniter\View\{closure}()
#4 /var/www/html/visitantes/system/Common.php(1217): CodeIgniter\View\View->render()
#5 /var/www/html/visitantes/app/Controllers/Visitas.php(77): view()
#6 /var/www/html/visitantes/system/CodeIgniter.php(936): App\Controllers\Visitas->create()
#7 /var/www/html/visitantes/system/CodeIgniter.php(432): CodeIgniter\CodeIgniter->runController()
#8 /var/www/html/visitantes/system/CodeIgniter.php(333): CodeIgniter\CodeIgniter->handleRequest()
#9 /var/www/html/visitantes/index.php(44): CodeIgniter\CodeIgniter->run()
#10 {main}
CRITICAL - 2022-03-18 09:35:35 --> require_once(../instituciones/modalInstituciones): Failed to open stream: No such file or directory
#0 /var/www/html/visitantes/app/Views/visitas/new.php(3): CodeIgniter\Debug\Exceptions->errorHandler()
#1 /var/www/html/visitantes/app/Views/visitas/new.php(3): require_once()
#2 /var/www/html/visitantes/system/View/View.php(220): include('...')
#3 /var/www/html/visitantes/system/View/View.php(222): CodeIgniter\View\View->CodeIgniter\View\{closure}()
#4 /var/www/html/visitantes/system/Common.php(1217): CodeIgniter\View\View->render()
#5 /var/www/html/visitantes/app/Controllers/Visitas.php(77): view()
#6 /var/www/html/visitantes/system/CodeIgniter.php(936): App\Controllers\Visitas->create()
#7 /var/www/html/visitantes/system/CodeIgniter.php(432): CodeIgniter\CodeIgniter->runController()
#8 /var/www/html/visitantes/system/CodeIgniter.php(333): CodeIgniter\CodeIgniter->handleRequest()
#9 /var/www/html/visitantes/index.php(44): CodeIgniter\CodeIgniter->run()
#10 {main}
CRITICAL - 2022-03-18 09:35:35 --> require_once(../instituciones/modalInstituciones): Failed to open stream: No such file or directory
#0 /var/www/html/visitantes/app/Views/visitas/new.php(3): CodeIgniter\Debug\Exceptions->errorHandler()
#1 /var/www/html/visitantes/app/Views/visitas/new.php(3): require_once()
#2 /var/www/html/visitantes/system/View/View.php(220): include('...')
#3 /var/www/html/visitantes/system/View/View.php(222): CodeIgniter\View\View->CodeIgniter\View\{closure}()
#4 /var/www/html/visitantes/system/Common.php(1217): CodeIgniter\View\View->render()
#5 /var/www/html/visitantes/app/Controllers/Visitas.php(77): view()
#6 /var/www/html/visitantes/system/CodeIgniter.php(936): App\Controllers\Visitas->create()
#7 /var/www/html/visitantes/system/CodeIgniter.php(432): CodeIgniter\CodeIgniter->runController()
#8 /var/www/html/visitantes/system/CodeIgniter.php(333): CodeIgniter\CodeIgniter->handleRequest()
#9 /var/www/html/visitantes/index.php(44): CodeIgniter\CodeIgniter->run()
#10 {main}
CRITICAL - 2022-03-18 09:35:53 --> require_once(../instituciones/modalInstituciones.php): Failed to open stream: No such file or directory
#0 /var/www/html/visitantes/app/Views/visitas/new.php(3): CodeIgniter\Debug\Exceptions->errorHandler()
#1 /var/www/html/visitantes/app/Views/visitas/new.php(3): require_once()
#2 /var/www/html/visitantes/system/View/View.php(220): include('...')
#3 /var/www/html/visitantes/system/View/View.php(222): CodeIgniter\View\View->CodeIgniter\View\{closure}()
#4 /var/www/html/visitantes/system/Common.php(1217): CodeIgniter\View\View->render()
#5 /var/www/html/visitantes/app/Controllers/Visitas.php(77): view()
#6 /var/www/html/visitantes/system/CodeIgniter.php(936): App\Controllers\Visitas->create()
#7 /var/www/html/visitantes/system/CodeIgniter.php(432): CodeIgniter\CodeIgniter->runController()
#8 /var/www/html/visitantes/system/CodeIgniter.php(333): CodeIgniter\CodeIgniter->handleRequest()
#9 /var/www/html/visitantes/index.php(44): CodeIgniter\CodeIgniter->run()
#10 {main}
CRITICAL - 2022-03-18 09:35:55 --> require_once(../instituciones/modalInstituciones.php): Failed to open stream: No such file or directory
#0 /var/www/html/visitantes/app/Views/visitas/new.php(3): CodeIgniter\Debug\Exceptions->errorHandler()
#1 /var/www/html/visitantes/app/Views/visitas/new.php(3): require_once()
#2 /var/www/html/visitantes/system/View/View.php(220): include('...')
#3 /var/www/html/visitantes/system/View/View.php(222): CodeIgniter\View\View->CodeIgniter\View\{closure}()
#4 /var/www/html/visitantes/system/Common.php(1217): CodeIgniter\View\View->render()
#5 /var/www/html/visitantes/app/Controllers/Visitas.php(77): view()
#6 /var/www/html/visitantes/system/CodeIgniter.php(936): App\Controllers\Visitas->create()
#7 /var/www/html/visitantes/system/CodeIgniter.php(432): CodeIgniter\CodeIgniter->runController()
#8 /var/www/html/visitantes/system/CodeIgniter.php(333): CodeIgniter\CodeIgniter->handleRequest()
#9 /var/www/html/visitantes/index.php(44): CodeIgniter\CodeIgniter->run()
#10 {main}
CRITICAL - 2022-03-18 09:35:55 --> require_once(../instituciones/modalInstituciones.php): Failed to open stream: No such file or directory
#0 /var/www/html/visitantes/app/Views/visitas/new.php(3): CodeIgniter\Debug\Exceptions->errorHandler()
#1 /var/www/html/visitantes/app/Views/visitas/new.php(3): require_once()
#2 /var/www/html/visitantes/system/View/View.php(220): include('...')
#3 /var/www/html/visitantes/system/View/View.php(222): CodeIgniter\View\View->CodeIgniter\View\{closure}()
#4 /var/www/html/visitantes/system/Common.php(1217): CodeIgniter\View\View->render()
#5 /var/www/html/visitantes/app/Controllers/Visitas.php(77): view()
#6 /var/www/html/visitantes/system/CodeIgniter.php(936): App\Controllers\Visitas->create()
#7 /var/www/html/visitantes/system/CodeIgniter.php(432): CodeIgniter\CodeIgniter->runController()
#8 /var/www/html/visitantes/system/CodeIgniter.php(333): CodeIgniter\CodeIgniter->handleRequest()
#9 /var/www/html/visitantes/index.php(44): CodeIgniter\CodeIgniter->run()
#10 {main}
CRITICAL - 2022-03-18 09:35:55 --> require_once(../instituciones/modalInstituciones.php): Failed to open stream: No such file or directory
#0 /var/www/html/visitantes/app/Views/visitas/new.php(3): CodeIgniter\Debug\Exceptions->errorHandler()
#1 /var/www/html/visitantes/app/Views/visitas/new.php(3): require_once()
#2 /var/www/html/visitantes/system/View/View.php(220): include('...')
#3 /var/www/html/visitantes/system/View/View.php(222): CodeIgniter\View\View->CodeIgniter\View\{closure}()
#4 /var/www/html/visitantes/system/Common.php(1217): CodeIgniter\View\View->render()
#5 /var/www/html/visitantes/app/Controllers/Visitas.php(77): view()
#6 /var/www/html/visitantes/system/CodeIgniter.php(936): App\Controllers\Visitas->create()
#7 /var/www/html/visitantes/system/CodeIgniter.php(432): CodeIgniter\CodeIgniter->runController()
#8 /var/www/html/visitantes/system/CodeIgniter.php(333): CodeIgniter\CodeIgniter->handleRequest()
#9 /var/www/html/visitantes/index.php(44): CodeIgniter\CodeIgniter->run()
#10 {main}
CRITICAL - 2022-03-18 09:35:55 --> require_once(../instituciones/modalInstituciones.php): Failed to open stream: No such file or directory
#0 /var/www/html/visitantes/app/Views/visitas/new.php(3): CodeIgniter\Debug\Exceptions->errorHandler()
#1 /var/www/html/visitantes/app/Views/visitas/new.php(3): require_once()
#2 /var/www/html/visitantes/system/View/View.php(220): include('...')
#3 /var/www/html/visitantes/system/View/View.php(222): CodeIgniter\View\View->CodeIgniter\View\{closure}()
#4 /var/www/html/visitantes/system/Common.php(1217): CodeIgniter\View\View->render()
#5 /var/www/html/visitantes/app/Controllers/Visitas.php(77): view()
#6 /var/www/html/visitantes/system/CodeIgniter.php(936): App\Controllers\Visitas->create()
#7 /var/www/html/visitantes/system/CodeIgniter.php(432): CodeIgniter\CodeIgniter->runController()
#8 /var/www/html/visitantes/system/CodeIgniter.php(333): CodeIgniter\CodeIgniter->handleRequest()
#9 /var/www/html/visitantes/index.php(44): CodeIgniter\CodeIgniter->run()
#10 {main}
CRITICAL - 2022-03-18 09:35:56 --> require_once(../instituciones/modalInstituciones.php): Failed to open stream: No such file or directory
#0 /var/www/html/visitantes/app/Views/visitas/new.php(3): CodeIgniter\Debug\Exceptions->errorHandler()
#1 /var/www/html/visitantes/app/Views/visitas/new.php(3): require_once()
#2 /var/www/html/visitantes/system/View/View.php(220): include('...')
#3 /var/www/html/visitantes/system/View/View.php(222): CodeIgniter\View\View->CodeIgniter\View\{closure}()
#4 /var/www/html/visitantes/system/Common.php(1217): CodeIgniter\View\View->render()
#5 /var/www/html/visitantes/app/Controllers/Visitas.php(77): view()
#6 /var/www/html/visitantes/system/CodeIgniter.php(936): App\Controllers\Visitas->create()
#7 /var/www/html/visitantes/system/CodeIgniter.php(432): CodeIgniter\CodeIgniter->runController()
#8 /var/www/html/visitantes/system/CodeIgniter.php(333): CodeIgniter\CodeIgniter->handleRequest()
#9 /var/www/html/visitantes/index.php(44): CodeIgniter\CodeIgniter->run()
#10 {main}
CRITICAL - 2022-03-18 09:35:56 --> require_once(../instituciones/modalInstituciones.php): Failed to open stream: No such file or directory
#0 /var/www/html/visitantes/app/Views/visitas/new.php(3): CodeIgniter\Debug\Exceptions->errorHandler()
#1 /var/www/html/visitantes/app/Views/visitas/new.php(3): require_once()
#2 /var/www/html/visitantes/system/View/View.php(220): include('...')
#3 /var/www/html/visitantes/system/View/View.php(222): CodeIgniter\View\View->CodeIgniter\View\{closure}()
#4 /var/www/html/visitantes/system/Common.php(1217): CodeIgniter\View\View->render()
#5 /var/www/html/visitantes/app/Controllers/Visitas.php(77): view()
#6 /var/www/html/visitantes/system/CodeIgniter.php(936): App\Controllers\Visitas->create()
#7 /var/www/html/visitantes/system/CodeIgniter.php(432): CodeIgniter\CodeIgniter->runController()
#8 /var/www/html/visitantes/system/CodeIgniter.php(333): CodeIgniter\CodeIgniter->handleRequest()
#9 /var/www/html/visitantes/index.php(44): CodeIgniter\CodeIgniter->run()
#10 {main}
CRITICAL - 2022-03-18 09:36:39 --> syntax error, unexpected single-quoted string "instituciones/modalInstitucion..."
#0 /var/www/html/visitantes/system/View/View.php(222): CodeIgniter\View\View->CodeIgniter\View\{closure}()
#1 /var/www/html/visitantes/system/Common.php(1217): CodeIgniter\View\View->render()
#2 /var/www/html/visitantes/app/Controllers/Visitas.php(77): view()
#3 /var/www/html/visitantes/system/CodeIgniter.php(936): App\Controllers\Visitas->create()
#4 /var/www/html/visitantes/system/CodeIgniter.php(432): CodeIgniter\CodeIgniter->runController()
#5 /var/www/html/visitantes/system/CodeIgniter.php(333): CodeIgniter\CodeIgniter->handleRequest()
#6 /var/www/html/visitantes/index.php(44): CodeIgniter\CodeIgniter->run()
#7 {main}
CRITICAL - 2022-03-18 09:36:53 --> require_once(): http:// wrapper is disabled in the server configuration by allow_url_include=0
#0 /var/www/html/visitantes/app/Views/visitas/new.php(3): CodeIgniter\Debug\Exceptions->errorHandler()
#1 /var/www/html/visitantes/app/Views/visitas/new.php(3): require_once()
#2 /var/www/html/visitantes/system/View/View.php(220): include('...')
#3 /var/www/html/visitantes/system/View/View.php(222): CodeIgniter\View\View->CodeIgniter\View\{closure}()
#4 /var/www/html/visitantes/system/Common.php(1217): CodeIgniter\View\View->render()
#5 /var/www/html/visitantes/app/Controllers/Visitas.php(77): view()
#6 /var/www/html/visitantes/system/CodeIgniter.php(936): App\Controllers\Visitas->create()
#7 /var/www/html/visitantes/system/CodeIgniter.php(432): CodeIgniter\CodeIgniter->runController()
#8 /var/www/html/visitantes/system/CodeIgniter.php(333): CodeIgniter\CodeIgniter->handleRequest()
#9 /var/www/html/visitantes/index.php(44): CodeIgniter\CodeIgniter->run()
#10 {main}
CRITICAL - 2022-03-18 09:47:32 --> require_once(): http:// wrapper is disabled in the server configuration by allow_url_include=0
#0 /var/www/html/visitantes/app/Views/visitas/new.php(3): CodeIgniter\Debug\Exceptions->errorHandler()
#1 /var/www/html/visitantes/app/Views/visitas/new.php(3): require_once()
#2 /var/www/html/visitantes/system/View/View.php(220): include('...')
#3 /var/www/html/visitantes/system/View/View.php(222): CodeIgniter\View\View->CodeIgniter\View\{closure}()
#4 /var/www/html/visitantes/system/Common.php(1217): CodeIgniter\View\View->render()
#5 /var/www/html/visitantes/app/Controllers/Visitas.php(77): view()
#6 /var/www/html/visitantes/system/CodeIgniter.php(936): App\Controllers\Visitas->create()
#7 /var/www/html/visitantes/system/CodeIgniter.php(432): CodeIgniter\CodeIgniter->runController()
#8 /var/www/html/visitantes/system/CodeIgniter.php(333): CodeIgniter\CodeIgniter->handleRequest()
#9 /var/www/html/visitantes/index.php(44): CodeIgniter\CodeIgniter->run()
#10 {main}
CRITICAL - 2022-03-18 10:52:52 --> require_once(): http:// wrapper is disabled in the server configuration by allow_url_include=0
#0 /var/www/html/visitantes/app/Views/visitas/new.php(3): CodeIgniter\Debug\Exceptions->errorHandler()
#1 /var/www/html/visitantes/app/Views/visitas/new.php(3): require_once()
#2 /var/www/html/visitantes/system/View/View.php(220): include('...')
#3 /var/www/html/visitantes/system/View/View.php(222): CodeIgniter\View\View->CodeIgniter\View\{closure}()
#4 /var/www/html/visitantes/system/Common.php(1217): CodeIgniter\View\View->render()
#5 /var/www/html/visitantes/app/Controllers/Visitas.php(77): view()
#6 /var/www/html/visitantes/system/CodeIgniter.php(936): App\Controllers\Visitas->create()
#7 /var/www/html/visitantes/system/CodeIgniter.php(432): CodeIgniter\CodeIgniter->runController()
#8 /var/www/html/visitantes/system/CodeIgniter.php(333): CodeIgniter\CodeIgniter->handleRequest()
#9 /var/www/html/visitantes/index.php(44): CodeIgniter\CodeIgniter->run()
#10 {main}
CRITICAL - 2022-03-18 10:52:54 --> require_once(): http:// wrapper is disabled in the server configuration by allow_url_include=0
#0 /var/www/html/visitantes/app/Views/visitas/new.php(3): CodeIgniter\Debug\Exceptions->errorHandler()
#1 /var/www/html/visitantes/app/Views/visitas/new.php(3): require_once()
#2 /var/www/html/visitantes/system/View/View.php(220): include('...')
#3 /var/www/html/visitantes/system/View/View.php(222): CodeIgniter\View\View->CodeIgniter\View\{closure}()
#4 /var/www/html/visitantes/system/Common.php(1217): CodeIgniter\View\View->render()
#5 /var/www/html/visitantes/app/Controllers/Visitas.php(77): view()
#6 /var/www/html/visitantes/system/CodeIgniter.php(936): App\Controllers\Visitas->create()
#7 /var/www/html/visitantes/system/CodeIgniter.php(432): CodeIgniter\CodeIgniter->runController()
#8 /var/www/html/visitantes/system/CodeIgniter.php(333): CodeIgniter\CodeIgniter->handleRequest()
#9 /var/www/html/visitantes/index.php(44): CodeIgniter\CodeIgniter->run()
#10 {main}
CRITICAL - 2022-03-18 10:52:55 --> require_once(): http:// wrapper is disabled in the server configuration by allow_url_include=0
#0 /var/www/html/visitantes/app/Views/visitas/new.php(3): CodeIgniter\Debug\Exceptions->errorHandler()
#1 /var/www/html/visitantes/app/Views/visitas/new.php(3): require_once()
#2 /var/www/html/visitantes/system/View/View.php(220): include('...')
#3 /var/www/html/visitantes/system/View/View.php(222): CodeIgniter\View\View->CodeIgniter\View\{closure}()
#4 /var/www/html/visitantes/system/Common.php(1217): CodeIgniter\View\View->render()
#5 /var/www/html/visitantes/app/Controllers/Visitas.php(77): view()
#6 /var/www/html/visitantes/system/CodeIgniter.php(936): App\Controllers\Visitas->create()
#7 /var/www/html/visitantes/system/CodeIgniter.php(432): CodeIgniter\CodeIgniter->runController()
#8 /var/www/html/visitantes/system/CodeIgniter.php(333): CodeIgniter\CodeIgniter->handleRequest()
#9 /var/www/html/visitantes/index.php(44): CodeIgniter\CodeIgniter->run()
#10 {main}
CRITICAL - 2022-03-18 11:01:25 --> require(instituciones/modalInstituciones.php): Failed to open stream: No such file or directory
#0 /var/www/html/visitantes/app/Views/visitas/new.php(3): CodeIgniter\Debug\Exceptions->errorHandler()
#1 /var/www/html/visitantes/app/Views/visitas/new.php(3): require()
#2 /var/www/html/visitantes/system/View/View.php(220): include('...')
#3 /var/www/html/visitantes/system/View/View.php(222): CodeIgniter\View\View->CodeIgniter\View\{closure}()
#4 /var/www/html/visitantes/system/Common.php(1217): CodeIgniter\View\View->render()
#5 /var/www/html/visitantes/app/Controllers/Visitas.php(77): view()
#6 /var/www/html/visitantes/system/CodeIgniter.php(936): App\Controllers\Visitas->create()
#7 /var/www/html/visitantes/system/CodeIgniter.php(432): CodeIgniter\CodeIgniter->runController()
#8 /var/www/html/visitantes/system/CodeIgniter.php(333): CodeIgniter\CodeIgniter->handleRequest()
#9 /var/www/html/visitantes/index.php(44): CodeIgniter\CodeIgniter->run()
#10 {main}
CRITICAL - 2022-03-18 11:15:28 --> require_once(../instituciones/modalInstituciones.php): Failed to open stream: No such file or directory
#0 /var/www/html/visitantes/app/Views/visitas/new.php(3): CodeIgniter\Debug\Exceptions->errorHandler()
#1 /var/www/html/visitantes/app/Views/visitas/new.php(3): require_once()
#2 /var/www/html/visitantes/system/View/View.php(220): include('...')
#3 /var/www/html/visitantes/system/View/View.php(222): CodeIgniter\View\View->CodeIgniter\View\{closure}()
#4 /var/www/html/visitantes/system/Common.php(1217): CodeIgniter\View\View->render()
#5 /var/www/html/visitantes/app/Controllers/Visitas.php(77): view()
#6 /var/www/html/visitantes/system/CodeIgniter.php(936): App\Controllers\Visitas->create()
#7 /var/www/html/visitantes/system/CodeIgniter.php(432): CodeIgniter\CodeIgniter->runController()
#8 /var/www/html/visitantes/system/CodeIgniter.php(333): CodeIgniter\CodeIgniter->handleRequest()
#9 /var/www/html/visitantes/index.php(44): CodeIgniter\CodeIgniter->run()
#10 {main}
CRITICAL - 2022-03-18 11:16:08 --> require_once(../instituciones/modalInstituciones.php): Failed to open stream: No such file or directory
#0 /var/www/html/visitantes/app/Views/visitas/new.php(3): CodeIgniter\Debug\Exceptions->errorHandler()
#1 /var/www/html/visitantes/app/Views/visitas/new.php(3): require_once()
#2 /var/www/html/visitantes/system/View/View.php(220): include('...')
#3 /var/www/html/visitantes/system/View/View.php(222): CodeIgniter\View\View->CodeIgniter\View\{closure}()
#4 /var/www/html/visitantes/system/Common.php(1217): CodeIgniter\View\View->render()
#5 /var/www/html/visitantes/app/Controllers/Visitas.php(77): view()
#6 /var/www/html/visitantes/system/CodeIgniter.php(936): App\Controllers\Visitas->create()
#7 /var/www/html/visitantes/system/CodeIgniter.php(432): CodeIgniter\CodeIgniter->runController()
#8 /var/www/html/visitantes/system/CodeIgniter.php(333): CodeIgniter\CodeIgniter->handleRequest()
#9 /var/www/html/visitantes/index.php(44): CodeIgniter\CodeIgniter->run()
#10 {main}
