CRITICAL - 2022-03-22 10:05:28 --> Undefined property: App\Controllers\Visitas::$controlador
#0 /var/www/html/visitantes/app/Controllers/Visitas.php(317): CodeIgniter\Debug\Exceptions->errorHandler()
#1 /var/www/html/visitantes/system/CodeIgniter.php(936): App\Controllers\Visitas->historico()
#2 /var/www/html/visitantes/system/CodeIgniter.php(432): CodeIgniter\CodeIgniter->runController()
#3 /var/www/html/visitantes/system/CodeIgniter.php(333): CodeIgniter\CodeIgniter->handleRequest()
#4 /var/www/html/visitantes/index.php(44): CodeIgniter\CodeIgniter->run()
#5 {main}
CRITICAL - 2022-03-22 13:50:13 --> Undefined property: App\Controllers\Visitas::$controlador
#0 /var/www/html/visitantes/app/Controllers/Visitas.php(344): CodeIgniter\Debug\Exceptions->errorHandler()
#1 /var/www/html/visitantes/system/CodeIgniter.php(936): App\Controllers\Visitas->historico()
#2 /var/www/html/visitantes/system/CodeIgniter.php(432): CodeIgniter\CodeIgniter->runController()
#3 /var/www/html/visitantes/system/CodeIgniter.php(333): CodeIgniter\CodeIgniter->handleRequest()
#4 /var/www/html/visitantes/index.php(44): CodeIgniter\CodeIgniter->run()
#5 {main}
CRITICAL - 2022-03-22 13:55:14 --> Undefined variable $controlador
#0 /var/www/html/visitantes/app/Views/visitas/visitas_historico.php(46): CodeIgniter\Debug\Exceptions->errorHandler()
#1 /var/www/html/visitantes/system/View/View.php(220): include('...')
#2 /var/www/html/visitantes/system/View/View.php(222): CodeIgniter\View\View->CodeIgniter\View\{closure}()
#3 /var/www/html/visitantes/system/Common.php(1217): CodeIgniter\View\View->render()
#4 /var/www/html/visitantes/app/Controllers/Visitas.php(353): view()
#5 /var/www/html/visitantes/system/CodeIgniter.php(936): App\Controllers\Visitas->historico()
#6 /var/www/html/visitantes/system/CodeIgniter.php(432): CodeIgniter\CodeIgniter->runController()
#7 /var/www/html/visitantes/system/CodeIgniter.php(333): CodeIgniter\CodeIgniter->handleRequest()
#8 /var/www/html/visitantes/index.php(44): CodeIgniter\CodeIgniter->run()
#9 {main}
CRITICAL - 2022-03-22 14:48:37 --> require_once(app/Views/modals/modalInstituciones.php): Failed to open stream: No such file or directory
#0 /var/www/html/visitantes/app/Helpers/operaciones_helper.php(11): CodeIgniter\Debug\Exceptions->errorHandler()
#1 /var/www/html/visitantes/app/Helpers/operaciones_helper.php(11): require_once()
#2 /var/www/html/visitantes/app/Views/visitas/edit.php(3): getModal()
#3 /var/www/html/visitantes/system/View/View.php(220): include('...')
#4 /var/www/html/visitantes/system/View/View.php(222): CodeIgniter\View\View->CodeIgniter\View\{closure}()
#5 /var/www/html/visitantes/system/Common.php(1217): CodeIgniter\View\View->render()
#6 /var/www/html/visitantes/app/Controllers/Visitas.php(108): view()
#7 /var/www/html/visitantes/system/CodeIgniter.php(936): App\Controllers\Visitas->edit()
#8 /var/www/html/visitantes/system/CodeIgniter.php(432): CodeIgniter\CodeIgniter->runController()
#9 /var/www/html/visitantes/system/CodeIgniter.php(333): CodeIgniter\CodeIgniter->handleRequest()
#10 /var/www/html/visitantes/index.php(44): CodeIgniter\CodeIgniter->run()
#11 {main}
