CRITICAL - 2022-04-12 09:05:13 --> file_put_contents(fotos/29/213.jpg): Failed to open stream: Permission denied
#0 [internal function]: CodeIgniter\Debug\Exceptions->errorHandler()
#1 /var/www/html/visitantes/app/Controllers/Visitas.php(251): file_put_contents()
#2 /var/www/html/visitantes/system/CodeIgniter.php(936): App\Controllers\Visitas->insert()
#3 /var/www/html/visitantes/system/CodeIgniter.php(432): CodeIgniter\CodeIgniter->runController()
#4 /var/www/html/visitantes/system/CodeIgniter.php(333): CodeIgniter\CodeIgniter->handleRequest()
#5 /var/www/html/visitantes/index.php(44): CodeIgniter\CodeIgniter->run()
#6 {main}
CRITICAL - 2022-04-12 09:05:22 --> file_put_contents(fotos/29/214.jpg): Failed to open stream: Permission denied
#0 [internal function]: CodeIgniter\Debug\Exceptions->errorHandler()
#1 /var/www/html/visitantes/app/Controllers/Visitas.php(251): file_put_contents()
#2 /var/www/html/visitantes/system/CodeIgniter.php(936): App\Controllers\Visitas->insert()
#3 /var/www/html/visitantes/system/CodeIgniter.php(432): CodeIgniter\CodeIgniter->runController()
#4 /var/www/html/visitantes/system/CodeIgniter.php(333): CodeIgniter\CodeIgniter->handleRequest()
#5 /var/www/html/visitantes/index.php(44): CodeIgniter\CodeIgniter->run()
#6 {main}
CRITICAL - 2022-04-12 09:08:48 --> file_put_contents(fotos/29/215.jpg): Failed to open stream: Permission denied
#0 [internal function]: CodeIgniter\Debug\Exceptions->errorHandler()
#1 /var/www/html/visitantes/app/Controllers/Visitas.php(252): file_put_contents()
#2 /var/www/html/visitantes/system/CodeIgniter.php(936): App\Controllers\Visitas->insert()
#3 /var/www/html/visitantes/system/CodeIgniter.php(432): CodeIgniter\CodeIgniter->runController()
#4 /var/www/html/visitantes/system/CodeIgniter.php(333): CodeIgniter\CodeIgniter->handleRequest()
#5 /var/www/html/visitantes/index.php(44): CodeIgniter\CodeIgniter->run()
#6 {main}
CRITICAL - 2022-04-12 09:10:06 --> file_put_contents(fotos/29/216.jpg): Failed to open stream: Permission denied
#0 [internal function]: CodeIgniter\Debug\Exceptions->errorHandler()
#1 /var/www/html/visitantes/app/Controllers/Visitas.php(252): file_put_contents()
#2 /var/www/html/visitantes/system/CodeIgniter.php(936): App\Controllers\Visitas->insert()
#3 /var/www/html/visitantes/system/CodeIgniter.php(432): CodeIgniter\CodeIgniter->runController()
#4 /var/www/html/visitantes/system/CodeIgniter.php(333): CodeIgniter\CodeIgniter->handleRequest()
#5 /var/www/html/visitantes/index.php(44): CodeIgniter\CodeIgniter->run()
#6 {main}
CRITICAL - 2022-04-12 09:10:08 --> file_put_contents(fotos/29/217.jpg): Failed to open stream: Permission denied
#0 [internal function]: CodeIgniter\Debug\Exceptions->errorHandler()
#1 /var/www/html/visitantes/app/Controllers/Visitas.php(252): file_put_contents()
#2 /var/www/html/visitantes/system/CodeIgniter.php(936): App\Controllers\Visitas->insert()
#3 /var/www/html/visitantes/system/CodeIgniter.php(432): CodeIgniter\CodeIgniter->runController()
#4 /var/www/html/visitantes/system/CodeIgniter.php(333): CodeIgniter\CodeIgniter->handleRequest()
#5 /var/www/html/visitantes/index.php(44): CodeIgniter\CodeIgniter->run()
#6 {main}
CRITICAL - 2022-04-12 09:10:09 --> file_put_contents(fotos/29/218.jpg): Failed to open stream: Permission denied
#0 [internal function]: CodeIgniter\Debug\Exceptions->errorHandler()
#1 /var/www/html/visitantes/app/Controllers/Visitas.php(252): file_put_contents()
#2 /var/www/html/visitantes/system/CodeIgniter.php(936): App\Controllers\Visitas->insert()
#3 /var/www/html/visitantes/system/CodeIgniter.php(432): CodeIgniter\CodeIgniter->runController()
#4 /var/www/html/visitantes/system/CodeIgniter.php(333): CodeIgniter\CodeIgniter->handleRequest()
#5 /var/www/html/visitantes/index.php(44): CodeIgniter\CodeIgniter->run()
#6 {main}
CRITICAL - 2022-04-12 09:10:10 --> file_put_contents(fotos/29/219.jpg): Failed to open stream: Permission denied
#0 [internal function]: CodeIgniter\Debug\Exceptions->errorHandler()
#1 /var/www/html/visitantes/app/Controllers/Visitas.php(252): file_put_contents()
#2 /var/www/html/visitantes/system/CodeIgniter.php(936): App\Controllers\Visitas->insert()
#3 /var/www/html/visitantes/system/CodeIgniter.php(432): CodeIgniter\CodeIgniter->runController()
#4 /var/www/html/visitantes/system/CodeIgniter.php(333): CodeIgniter\CodeIgniter->handleRequest()
#5 /var/www/html/visitantes/index.php(44): CodeIgniter\CodeIgniter->run()
#6 {main}
CRITICAL - 2022-04-12 10:23:45 --> Call to undefined method App\Models\VisitasModel::insertID
#0 /var/www/html/visitantes/app/Controllers/Visitas.php(387): CodeIgniter\Model->__call()
#1 /var/www/html/visitantes/system/CodeIgniter.php(936): App\Controllers\Visitas->update()
#2 /var/www/html/visitantes/system/CodeIgniter.php(432): CodeIgniter\CodeIgniter->runController()
#3 /var/www/html/visitantes/system/CodeIgniter.php(333): CodeIgniter\CodeIgniter->handleRequest()
#4 /var/www/html/visitantes/index.php(44): CodeIgniter\CodeIgniter->run()
#5 {main}
CRITICAL - 2022-04-12 10:23:52 --> Call to undefined method App\Models\VisitasModel::insertID
#0 /var/www/html/visitantes/app/Controllers/Visitas.php(387): CodeIgniter\Model->__call()
#1 /var/www/html/visitantes/system/CodeIgniter.php(936): App\Controllers\Visitas->update()
#2 /var/www/html/visitantes/system/CodeIgniter.php(432): CodeIgniter\CodeIgniter->runController()
#3 /var/www/html/visitantes/system/CodeIgniter.php(333): CodeIgniter\CodeIgniter->handleRequest()
#4 /var/www/html/visitantes/index.php(44): CodeIgniter\CodeIgniter->run()
#5 {main}
CRITICAL - 2022-04-12 10:50:41 --> Unsupported operand types: string * float
#0 /var/www/html/visitantes/app/Controllers/Visitas.php(896): FPDF->Image()
#1 /var/www/html/visitantes/system/CodeIgniter.php(936): App\Controllers\Visitas->printVisita()
#2 /var/www/html/visitantes/system/CodeIgniter.php(432): CodeIgniter\CodeIgniter->runController()
#3 /var/www/html/visitantes/system/CodeIgniter.php(333): CodeIgniter\CodeIgniter->handleRequest()
#4 /var/www/html/visitantes/index.php(44): CodeIgniter\CodeIgniter->run()
#5 {main}
CRITICAL - 2022-04-12 11:20:44 --> Trying to access array offset on value of type null
#0 /var/www/html/visitantes/app/Views/visitas/view.php(25): CodeIgniter\Debug\Exceptions->errorHandler()
#1 /var/www/html/visitantes/system/View/View.php(220): include('...')
#2 /var/www/html/visitantes/system/View/View.php(222): CodeIgniter\View\View->CodeIgniter\View\{closure}()
#3 /var/www/html/visitantes/system/Common.php(1217): CodeIgniter\View\View->render()
#4 /var/www/html/visitantes/app/Controllers/Visitas.php(142): view()
#5 /var/www/html/visitantes/system/CodeIgniter.php(936): App\Controllers\Visitas->view()
#6 /var/www/html/visitantes/system/CodeIgniter.php(432): CodeIgniter\CodeIgniter->runController()
#7 /var/www/html/visitantes/system/CodeIgniter.php(333): CodeIgniter\CodeIgniter->handleRequest()
#8 /var/www/html/visitantes/index.php(44): CodeIgniter\CodeIgniter->run()
#9 {main}
CRITICAL - 2022-04-12 11:30:38 --> Trying to access array offset on value of type null
#0 /var/www/html/visitantes/app/Views/visitas/view.php(25): CodeIgniter\Debug\Exceptions->errorHandler()
#1 /var/www/html/visitantes/system/View/View.php(220): include('...')
#2 /var/www/html/visitantes/system/View/View.php(222): CodeIgniter\View\View->CodeIgniter\View\{closure}()
#3 /var/www/html/visitantes/system/Common.php(1217): CodeIgniter\View\View->render()
#4 /var/www/html/visitantes/app/Controllers/Visitas.php(142): view()
#5 /var/www/html/visitantes/system/CodeIgniter.php(936): App\Controllers\Visitas->view()
#6 /var/www/html/visitantes/system/CodeIgniter.php(432): CodeIgniter\CodeIgniter->runController()
#7 /var/www/html/visitantes/system/CodeIgniter.php(333): CodeIgniter\CodeIgniter->handleRequest()
#8 /var/www/html/visitantes/index.php(44): CodeIgniter\CodeIgniter->run()
#9 {main}
CRITICAL - 2022-04-12 11:32:30 --> Trying to access array offset on value of type null
#0 /var/www/html/visitantes/app/Views/visitas/view.php(25): CodeIgniter\Debug\Exceptions->errorHandler()
#1 /var/www/html/visitantes/system/View/View.php(220): include('...')
#2 /var/www/html/visitantes/system/View/View.php(222): CodeIgniter\View\View->CodeIgniter\View\{closure}()
#3 /var/www/html/visitantes/system/Common.php(1217): CodeIgniter\View\View->render()
#4 /var/www/html/visitantes/app/Controllers/Visitas.php(142): view()
#5 /var/www/html/visitantes/system/CodeIgniter.php(936): App\Controllers\Visitas->view()
#6 /var/www/html/visitantes/system/CodeIgniter.php(432): CodeIgniter\CodeIgniter->runController()
#7 /var/www/html/visitantes/system/CodeIgniter.php(333): CodeIgniter\CodeIgniter->handleRequest()
#8 /var/www/html/visitantes/index.php(44): CodeIgniter\CodeIgniter->run()
#9 {main}
ERROR - 2022-04-12 12:56:23 --> mysqli_sql_exception: Expression #1 of SELECT list is not in GROUP BY clause and contains nonaggregated column 'bd_visitantes.visitas.id_visita' which is not functionally dependent on columns in GROUP BY clause; this is incompatible with sql_mode=only_full_group_by in /var/www/html/visitantes/system/Database/MySQLi/Connection.php:314
Stack trace:
#0 /var/www/html/visitantes/system/Database/MySQLi/Connection.php(314): mysqli->query()
#1 /var/www/html/visitantes/system/Database/BaseConnection.php(713): CodeIgniter\Database\MySQLi\Connection->execute()
#2 /var/www/html/visitantes/system/Database/BaseConnection.php(641): CodeIgniter\Database\BaseConnection->simpleQuery()
#3 /var/www/html/visitantes/system/Database/BaseBuilder.php(1866): CodeIgniter\Database\BaseConnection->query()
#4 /var/www/html/visitantes/system/Model.php(213): CodeIgniter\Database\BaseBuilder->get()
#5 /var/www/html/visitantes/system/BaseModel.php(583): CodeIgniter\Model->doFindAll()
#6 /var/www/html/visitantes/app/Models/VisitasModel.php(64): CodeIgniter\BaseModel->findAll()
#7 /var/www/html/visitantes/app/Controllers/Visitas.php(555): App\Models\VisitasModel->GetAllHistory()
#8 /var/www/html/visitantes/system/CodeIgniter.php(936): App\Controllers\Visitas->reporte_general()
#9 /var/www/html/visitantes/system/CodeIgniter.php(432): CodeIgniter\CodeIgniter->runController()
#10 /var/www/html/visitantes/system/CodeIgniter.php(333): CodeIgniter\CodeIgniter->handleRequest()
#11 /var/www/html/visitantes/index.php(44): CodeIgniter\CodeIgniter->run()
#12 {main}
CRITICAL - 2022-04-12 12:56:23 --> Expression #1 of SELECT list is not in GROUP BY clause and contains nonaggregated column 'bd_visitantes.visitas.id_visita' which is not functionally dependent on columns in GROUP BY clause; this is incompatible with sql_mode=only_full_group_by
#0 /var/www/html/visitantes/system/Database/MySQLi/Connection.php(314): mysqli->query()
#1 /var/www/html/visitantes/system/Database/BaseConnection.php(713): CodeIgniter\Database\MySQLi\Connection->execute()
#2 /var/www/html/visitantes/system/Database/BaseConnection.php(641): CodeIgniter\Database\BaseConnection->simpleQuery()
#3 /var/www/html/visitantes/system/Database/BaseBuilder.php(1866): CodeIgniter\Database\BaseConnection->query()
#4 /var/www/html/visitantes/system/Model.php(213): CodeIgniter\Database\BaseBuilder->get()
#5 /var/www/html/visitantes/system/BaseModel.php(583): CodeIgniter\Model->doFindAll()
#6 /var/www/html/visitantes/app/Models/VisitasModel.php(64): CodeIgniter\BaseModel->findAll()
#7 /var/www/html/visitantes/app/Controllers/Visitas.php(555): App\Models\VisitasModel->GetAllHistory()
#8 /var/www/html/visitantes/system/CodeIgniter.php(936): App\Controllers\Visitas->reporte_general()
#9 /var/www/html/visitantes/system/CodeIgniter.php(432): CodeIgniter\CodeIgniter->runController()
#10 /var/www/html/visitantes/system/CodeIgniter.php(333): CodeIgniter\CodeIgniter->handleRequest()
#11 /var/www/html/visitantes/index.php(44): CodeIgniter\CodeIgniter->run()
#12 {main}
