CRITICAL - 2022-04-05 11:15:48 --> Undefined variable: visitas
#0 C:\laragon\www\visitantes\app\Controllers\Dashboard.php(34): CodeIgniter\Debug\Exceptions->errorHandler(8, 'Undefined varia...', 'C:\\laragon\\www\\...', 34, Array)
#1 C:\laragon\www\visitantes\system\CodeIgniter.php(936): App\Controllers\Dashboard->index()
#2 C:\laragon\www\visitantes\system\CodeIgniter.php(432): CodeIgniter\CodeIgniter->runController(Object(App\Controllers\Dashboard))
#3 C:\laragon\www\visitantes\system\CodeIgniter.php(333): CodeIgniter\CodeIgniter->handleRequest(NULL, Object(Config\Cache), false)
#4 C:\laragon\www\visitantes\index.php(44): CodeIgniter\CodeIgniter->run()
#5 {main}
CRITICAL - 2022-04-05 11:17:50 --> Undefined index: id_visitante
#0 C:\laragon\www\visitantes\app\Views\templates\dashboard.php(38): CodeIgniter\Debug\Exceptions->errorHandler(8, 'Undefined index...', 'C:\\laragon\\www\\...', 38, Array)
#1 C:\laragon\www\visitantes\system\View\View.php(220): include('C:\\laragon\\www\\...')
#2 C:\laragon\www\visitantes\system\View\View.php(222): CodeIgniter\View\View->CodeIgniter\View\{closure}()
#3 C:\laragon\www\visitantes\system\Common.php(1217): CodeIgniter\View\View->render('templates/dashb...', Array, true)
#4 C:\laragon\www\visitantes\app\Controllers\Dashboard.php(39): view('templates/dashb...', Array)
#5 C:\laragon\www\visitantes\system\CodeIgniter.php(936): App\Controllers\Dashboard->index()
#6 C:\laragon\www\visitantes\system\CodeIgniter.php(432): CodeIgniter\CodeIgniter->runController(Object(App\Controllers\Dashboard))
#7 C:\laragon\www\visitantes\system\CodeIgniter.php(333): CodeIgniter\CodeIgniter->handleRequest(NULL, Object(Config\Cache), false)
#8 C:\laragon\www\visitantes\index.php(44): CodeIgniter\CodeIgniter->run()
#9 {main}
CRITICAL - 2022-04-05 11:18:04 --> Undefined variable: instituciones
#0 C:\laragon\www\visitantes\app\Views\templates\dashboard.php(55): CodeIgniter\Debug\Exceptions->errorHandler(8, 'Undefined varia...', 'C:\\laragon\\www\\...', 55, Array)
#1 C:\laragon\www\visitantes\system\View\View.php(220): include('C:\\laragon\\www\\...')
#2 C:\laragon\www\visitantes\system\View\View.php(222): CodeIgniter\View\View->CodeIgniter\View\{closure}()
#3 C:\laragon\www\visitantes\system\Common.php(1217): CodeIgniter\View\View->render('templates/dashb...', Array, true)
#4 C:\laragon\www\visitantes\app\Controllers\Dashboard.php(39): view('templates/dashb...', Array)
#5 C:\laragon\www\visitantes\system\CodeIgniter.php(936): App\Controllers\Dashboard->index()
#6 C:\laragon\www\visitantes\system\CodeIgniter.php(432): CodeIgniter\CodeIgniter->runController(Object(App\Controllers\Dashboard))
#7 C:\laragon\www\visitantes\system\CodeIgniter.php(333): CodeIgniter\CodeIgniter->handleRequest(NULL, Object(Config\Cache), false)
#8 C:\laragon\www\visitantes\index.php(44): CodeIgniter\CodeIgniter->run()
#9 {main}
CRITICAL - 2022-04-05 11:19:41 --> Undefined variable: instituciones
#0 C:\laragon\www\visitantes\app\Views\templates\dashboard.php(68): CodeIgniter\Debug\Exceptions->errorHandler(8, 'Undefined varia...', 'C:\\laragon\\www\\...', 68, Array)
#1 C:\laragon\www\visitantes\system\View\View.php(220): include('C:\\laragon\\www\\...')
#2 C:\laragon\www\visitantes\system\View\View.php(222): CodeIgniter\View\View->CodeIgniter\View\{closure}()
#3 C:\laragon\www\visitantes\system\Common.php(1217): CodeIgniter\View\View->render('templates/dashb...', Array, true)
#4 C:\laragon\www\visitantes\app\Controllers\Dashboard.php(38): view('templates/dashb...', Array)
#5 C:\laragon\www\visitantes\system\CodeIgniter.php(936): App\Controllers\Dashboard->index()
#6 C:\laragon\www\visitantes\system\CodeIgniter.php(432): CodeIgniter\CodeIgniter->runController(Object(App\Controllers\Dashboard))
#7 C:\laragon\www\visitantes\system\CodeIgniter.php(333): CodeIgniter\CodeIgniter->handleRequest(NULL, Object(Config\Cache), false)
#8 C:\laragon\www\visitantes\index.php(44): CodeIgniter\CodeIgniter->run()
#9 {main}
