CRITICAL - 2022-04-06 07:43:54 --> syntax error, unexpected '$idVisitante' (T_VARIABLE), expecting function (T_FUNCTION) or const (T_CONST)
#0 C:\laragon\www\visitantes\system\Router\Router.php(170): CodeIgniter\Router\Router->autoRoute('visitas/create')
#1 C:\laragon\www\visitantes\system\CodeIgniter.php(816): CodeIgniter\Router\Router->handle('visitas/create')
#2 C:\laragon\www\visitantes\system\CodeIgniter.php(385): CodeIgniter\CodeIgniter->tryToRouteIt(Object(CodeIgniter\Router\RouteCollection))
#3 C:\laragon\www\visitantes\system\CodeIgniter.php(333): CodeIgniter\CodeIgniter->handleRequest(NULL, Object(Config\Cache), false)
#4 C:\laragon\www\visitantes\index.php(44): CodeIgniter\CodeIgniter->run()
#5 {main}
CRITICAL - 2022-04-06 09:44:20 --> Undefined index: descripcion
#0 C:\laragon\www\visitantes\app\Views\visitas\new.php(47): CodeIgniter\Debug\Exceptions->errorHandler(8, 'Undefined index...', 'C:\\laragon\\www\\...', 47, Array)
#1 C:\laragon\www\visitantes\system\View\View.php(220): include('C:\\laragon\\www\\...')
#2 C:\laragon\www\visitantes\system\View\View.php(222): CodeIgniter\View\View->CodeIgniter\View\{closure}()
#3 C:\laragon\www\visitantes\system\Common.php(1217): CodeIgniter\View\View->render('visitas/new', Array, true)
#4 C:\laragon\www\visitantes\app\Controllers\Visitas.php(84): view('visitas/new', Array)
#5 C:\laragon\www\visitantes\system\CodeIgniter.php(936): App\Controllers\Visitas->create()
#6 C:\laragon\www\visitantes\system\CodeIgniter.php(432): CodeIgniter\CodeIgniter->runController(Object(App\Controllers\Visitas))
#7 C:\laragon\www\visitantes\system\CodeIgniter.php(333): CodeIgniter\CodeIgniter->handleRequest(NULL, Object(Config\Cache), false)
#8 C:\laragon\www\visitantes\index.php(44): CodeIgniter\CodeIgniter->run()
#9 {main}
ERROR - 2022-04-06 11:04:06 --> mysqli_sql_exception: You have an error in your SQL syntax; check the manual that corresponds to your MySQL server version for the right syntax to use near 'FROM `visitantes`
WHERE `id_visitante` IS NULL
 LIMIT 1' at line 2 in C:\laragon\www\visitantes\system\Database\MySQLi\Connection.php:314
Stack trace:
#0 C:\laragon\www\visitantes\system\Database\MySQLi\Connection.php(314): mysqli->query('SELECT `visitan...')
#1 C:\laragon\www\visitantes\system\Database\BaseConnection.php(713): CodeIgniter\Database\MySQLi\Connection->execute('SELECT `visitan...')
#2 C:\laragon\www\visitantes\system\Database\BaseConnection.php(641): CodeIgniter\Database\BaseConnection->simpleQuery('SELECT `visitan...')
#3 C:\laragon\www\visitantes\system\Database\BaseBuilder.php(1866): CodeIgniter\Database\BaseConnection->query('SELECT `visitan...', Array, false)
#4 C:\laragon\www\visitantes\system\Model.php(247): CodeIgniter\Database\BaseBuilder->get()
#5 C:\laragon\www\visitantes\system\BaseModel.php(624): CodeIgniter\Model->doFirst()
#6 C:\laragon\www\visitantes\app\Models\VisitantesModel.php(24): CodeIgniter\BaseModel->first()
#7 C:\laragon\www\visitantes\app\Controllers\Visitantes.php(137): App\Models\VisitantesModel->GetVisitanteById(NULL)
#8 C:\laragon\www\visitantes\system\CodeIgniter.php(936): App\Controllers\Visitantes->GetVisitanteByID()
#9 C:\laragon\www\visitantes\system\CodeIgniter.php(432): CodeIgniter\CodeIgniter->runController(Object(App\Controllers\Visitantes))
#10 C:\laragon\www\visitantes\system\CodeIgniter.php(333): CodeIgniter\CodeIgniter->handleRequest(NULL, Object(Config\Cache), false)
#11 C:\laragon\www\visitantes\index.php(44): CodeIgniter\CodeIgniter->run()
#12 {main}
CRITICAL - 2022-04-06 11:04:06 --> You have an error in your SQL syntax; check the manual that corresponds to your MySQL server version for the right syntax to use near 'FROM `visitantes`
WHERE `id_visitante` IS NULL
 LIMIT 1' at line 2
#0 C:\laragon\www\visitantes\system\Database\MySQLi\Connection.php(314): mysqli->query('SELECT `visitan...')
#1 C:\laragon\www\visitantes\system\Database\BaseConnection.php(713): CodeIgniter\Database\MySQLi\Connection->execute('SELECT `visitan...')
#2 C:\laragon\www\visitantes\system\Database\BaseConnection.php(641): CodeIgniter\Database\BaseConnection->simpleQuery('SELECT `visitan...')
#3 C:\laragon\www\visitantes\system\Database\BaseBuilder.php(1866): CodeIgniter\Database\BaseConnection->query('SELECT `visitan...', Array, false)
#4 C:\laragon\www\visitantes\system\Model.php(247): CodeIgniter\Database\BaseBuilder->get()
#5 C:\laragon\www\visitantes\system\BaseModel.php(624): CodeIgniter\Model->doFirst()
#6 C:\laragon\www\visitantes\app\Models\VisitantesModel.php(24): CodeIgniter\BaseModel->first()
#7 C:\laragon\www\visitantes\app\Controllers\Visitantes.php(137): App\Models\VisitantesModel->GetVisitanteById(NULL)
#8 C:\laragon\www\visitantes\system\CodeIgniter.php(936): App\Controllers\Visitantes->GetVisitanteByID()
#9 C:\laragon\www\visitantes\system\CodeIgniter.php(432): CodeIgniter\CodeIgniter->runController(Object(App\Controllers\Visitantes))
#10 C:\laragon\www\visitantes\system\CodeIgniter.php(333): CodeIgniter\CodeIgniter->handleRequest(NULL, Object(Config\Cache), false)
#11 C:\laragon\www\visitantes\index.php(44): CodeIgniter\CodeIgniter->run()
#12 {main}
ERROR - 2022-04-06 11:12:14 --> mysqli_sql_exception: You have an error in your SQL syntax; check the manual that corresponds to your MySQL server version for the right syntax to use near 'FROM `visitantes`
WHERE `id_visitante` IS NULL
 LIMIT 1' at line 2 in C:\laragon\www\visitantes\system\Database\MySQLi\Connection.php:314
Stack trace:
#0 C:\laragon\www\visitantes\system\Database\MySQLi\Connection.php(314): mysqli->query('SELECT `visitan...')
#1 C:\laragon\www\visitantes\system\Database\BaseConnection.php(713): CodeIgniter\Database\MySQLi\Connection->execute('SELECT `visitan...')
#2 C:\laragon\www\visitantes\system\Database\BaseConnection.php(641): CodeIgniter\Database\BaseConnection->simpleQuery('SELECT `visitan...')
#3 C:\laragon\www\visitantes\system\Database\BaseBuilder.php(1866): CodeIgniter\Database\BaseConnection->query('SELECT `visitan...', Array, false)
#4 C:\laragon\www\visitantes\system\Model.php(247): CodeIgniter\Database\BaseBuilder->get()
#5 C:\laragon\www\visitantes\system\BaseModel.php(624): CodeIgniter\Model->doFirst()
#6 C:\laragon\www\visitantes\app\Models\VisitantesModel.php(24): CodeIgniter\BaseModel->first()
#7 C:\laragon\www\visitantes\app\Controllers\Visitantes.php(137): App\Models\VisitantesModel->GetVisitanteById(NULL)
#8 C:\laragon\www\visitantes\system\CodeIgniter.php(936): App\Controllers\Visitantes->GetVisitanteByID()
#9 C:\laragon\www\visitantes\system\CodeIgniter.php(432): CodeIgniter\CodeIgniter->runController(Object(App\Controllers\Visitantes))
#10 C:\laragon\www\visitantes\system\CodeIgniter.php(333): CodeIgniter\CodeIgniter->handleRequest(NULL, Object(Config\Cache), false)
#11 C:\laragon\www\visitantes\index.php(44): CodeIgniter\CodeIgniter->run()
#12 {main}
CRITICAL - 2022-04-06 11:12:14 --> You have an error in your SQL syntax; check the manual that corresponds to your MySQL server version for the right syntax to use near 'FROM `visitantes`
WHERE `id_visitante` IS NULL
 LIMIT 1' at line 2
#0 C:\laragon\www\visitantes\system\Database\MySQLi\Connection.php(314): mysqli->query('SELECT `visitan...')
#1 C:\laragon\www\visitantes\system\Database\BaseConnection.php(713): CodeIgniter\Database\MySQLi\Connection->execute('SELECT `visitan...')
#2 C:\laragon\www\visitantes\system\Database\BaseConnection.php(641): CodeIgniter\Database\BaseConnection->simpleQuery('SELECT `visitan...')
#3 C:\laragon\www\visitantes\system\Database\BaseBuilder.php(1866): CodeIgniter\Database\BaseConnection->query('SELECT `visitan...', Array, false)
#4 C:\laragon\www\visitantes\system\Model.php(247): CodeIgniter\Database\BaseBuilder->get()
#5 C:\laragon\www\visitantes\system\BaseModel.php(624): CodeIgniter\Model->doFirst()
#6 C:\laragon\www\visitantes\app\Models\VisitantesModel.php(24): CodeIgniter\BaseModel->first()
#7 C:\laragon\www\visitantes\app\Controllers\Visitantes.php(137): App\Models\VisitantesModel->GetVisitanteById(NULL)
#8 C:\laragon\www\visitantes\system\CodeIgniter.php(936): App\Controllers\Visitantes->GetVisitanteByID()
#9 C:\laragon\www\visitantes\system\CodeIgniter.php(432): CodeIgniter\CodeIgniter->runController(Object(App\Controllers\Visitantes))
#10 C:\laragon\www\visitantes\system\CodeIgniter.php(333): CodeIgniter\CodeIgniter->handleRequest(NULL, Object(Config\Cache), false)
#11 C:\laragon\www\visitantes\index.php(44): CodeIgniter\CodeIgniter->run()
#12 {main}
CRITICAL - 2022-04-06 14:02:55 --> Undefined index: foto_frente
#0 C:\laragon\www\visitantes\app\Controllers\Visitas.php(255): CodeIgniter\Debug\Exceptions->errorHandler(8, 'Undefined index...', 'C:\\laragon\\www\\...', 255, Array)
#1 C:\laragon\www\visitantes\system\CodeIgniter.php(936): App\Controllers\Visitas->insert()
#2 C:\laragon\www\visitantes\system\CodeIgniter.php(432): CodeIgniter\CodeIgniter->runController(Object(App\Controllers\Visitas))
#3 C:\laragon\www\visitantes\system\CodeIgniter.php(333): CodeIgniter\CodeIgniter->handleRequest(NULL, Object(Config\Cache), false)
#4 C:\laragon\www\visitantes\index.php(44): CodeIgniter\CodeIgniter->run()
#5 {main}
CRITICAL - 2022-04-06 14:02:57 --> Undefined index: foto_frente
#0 C:\laragon\www\visitantes\app\Controllers\Visitas.php(255): CodeIgniter\Debug\Exceptions->errorHandler(8, 'Undefined index...', 'C:\\laragon\\www\\...', 255, Array)
#1 C:\laragon\www\visitantes\system\CodeIgniter.php(936): App\Controllers\Visitas->insert()
#2 C:\laragon\www\visitantes\system\CodeIgniter.php(432): CodeIgniter\CodeIgniter->runController(Object(App\Controllers\Visitas))
#3 C:\laragon\www\visitantes\system\CodeIgniter.php(333): CodeIgniter\CodeIgniter->handleRequest(NULL, Object(Config\Cache), false)
#4 C:\laragon\www\visitantes\index.php(44): CodeIgniter\CodeIgniter->run()
#5 {main}
CRITICAL - 2022-04-06 14:03:02 --> Undefined index: foto_frente
#0 C:\laragon\www\visitantes\app\Controllers\Visitas.php(255): CodeIgniter\Debug\Exceptions->errorHandler(8, 'Undefined index...', 'C:\\laragon\\www\\...', 255, Array)
#1 C:\laragon\www\visitantes\system\CodeIgniter.php(936): App\Controllers\Visitas->insert()
#2 C:\laragon\www\visitantes\system\CodeIgniter.php(432): CodeIgniter\CodeIgniter->runController(Object(App\Controllers\Visitas))
#3 C:\laragon\www\visitantes\system\CodeIgniter.php(333): CodeIgniter\CodeIgniter->handleRequest(NULL, Object(Config\Cache), false)
#4 C:\laragon\www\visitantes\index.php(44): CodeIgniter\CodeIgniter->run()
#5 {main}
CRITICAL - 2022-04-06 14:45:52 --> syntax error, unexpected 'else' (T_ELSE)
#0 C:\laragon\www\visitantes\system\Router\Router.php(170): CodeIgniter\Router\Router->autoRoute('visitas/create')
#1 C:\laragon\www\visitantes\system\CodeIgniter.php(816): CodeIgniter\Router\Router->handle('visitas/create')
#2 C:\laragon\www\visitantes\system\CodeIgniter.php(385): CodeIgniter\CodeIgniter->tryToRouteIt(Object(CodeIgniter\Router\RouteCollection))
#3 C:\laragon\www\visitantes\system\CodeIgniter.php(333): CodeIgniter\CodeIgniter->handleRequest(NULL, Object(Config\Cache), false)
#4 C:\laragon\www\visitantes\index.php(44): CodeIgniter\CodeIgniter->run()
#5 {main}
