CRITICAL - 2022-03-25 07:33:57 --> Trying to access array offset on value of type null
#0 /var/www/html/visitantes/app/Views/visitas/view.php(25): CodeIgniter\Debug\Exceptions->errorHandler()
#1 /var/www/html/visitantes/system/View/View.php(220): include('...')
#2 /var/www/html/visitantes/system/View/View.php(222): CodeIgniter\View\View->CodeIgniter\View\{closure}()
#3 /var/www/html/visitantes/system/Common.php(1217): CodeIgniter\View\View->render()
#4 /var/www/html/visitantes/app/Controllers/Visitas.php(135): view()
#5 /var/www/html/visitantes/system/CodeIgniter.php(936): App\Controllers\Visitas->view()
#6 /var/www/html/visitantes/system/CodeIgniter.php(432): CodeIgniter\CodeIgniter->runController()
#7 /var/www/html/visitantes/system/CodeIgniter.php(333): CodeIgniter\CodeIgniter->handleRequest()
#8 /var/www/html/visitantes/index.php(44): CodeIgniter\CodeIgniter->run()
#9 {main}
CRITICAL - 2022-03-25 07:37:34 --> Trying to access array offset on value of type null
#0 /var/www/html/visitantes/app/Views/visitas/view.php(25): CodeIgniter\Debug\Exceptions->errorHandler()
#1 /var/www/html/visitantes/system/View/View.php(220): include('...')
#2 /var/www/html/visitantes/system/View/View.php(222): CodeIgniter\View\View->CodeIgniter\View\{closure}()
#3 /var/www/html/visitantes/system/Common.php(1217): CodeIgniter\View\View->render()
#4 /var/www/html/visitantes/app/Controllers/Visitas.php(133): view()
#5 /var/www/html/visitantes/system/CodeIgniter.php(936): App\Controllers\Visitas->view()
#6 /var/www/html/visitantes/system/CodeIgniter.php(432): CodeIgniter\CodeIgniter->runController()
#7 /var/www/html/visitantes/system/CodeIgniter.php(333): CodeIgniter\CodeIgniter->handleRequest()
#8 /var/www/html/visitantes/index.php(44): CodeIgniter\CodeIgniter->run()
#9 {main}
CRITICAL - 2022-03-25 08:12:23 --> Undefined array key "email"
#0 /var/www/html/visitantes/app/Views/visitas/view.php(92): CodeIgniter\Debug\Exceptions->errorHandler()
#1 /var/www/html/visitantes/system/View/View.php(220): include('...')
#2 /var/www/html/visitantes/system/View/View.php(222): CodeIgniter\View\View->CodeIgniter\View\{closure}()
#3 /var/www/html/visitantes/system/Common.php(1217): CodeIgniter\View\View->render()
#4 /var/www/html/visitantes/app/Controllers/Visitas.php(133): view()
#5 /var/www/html/visitantes/system/CodeIgniter.php(936): App\Controllers\Visitas->view()
#6 /var/www/html/visitantes/system/CodeIgniter.php(432): CodeIgniter\CodeIgniter->runController()
#7 /var/www/html/visitantes/system/CodeIgniter.php(333): CodeIgniter\CodeIgniter->handleRequest()
#8 /var/www/html/visitantes/index.php(44): CodeIgniter\CodeIgniter->run()
#9 {main}
ERROR - 2022-03-25 08:13:22 --> mysqli_sql_exception: Unknown column 'vt.email' in 'field list' in /var/www/html/visitantes/system/Database/MySQLi/Connection.php:314
Stack trace:
#0 /var/www/html/visitantes/system/Database/MySQLi/Connection.php(314): mysqli->query()
#1 /var/www/html/visitantes/system/Database/BaseConnection.php(713): CodeIgniter\Database\MySQLi\Connection->execute()
#2 /var/www/html/visitantes/system/Database/BaseConnection.php(641): CodeIgniter\Database\BaseConnection->simpleQuery()
#3 /var/www/html/visitantes/system/Database/BaseBuilder.php(1866): CodeIgniter\Database\BaseConnection->query()
#4 /var/www/html/visitantes/system/Model.php(247): CodeIgniter\Database\BaseBuilder->get()
#5 /var/www/html/visitantes/system/BaseModel.php(624): CodeIgniter\Model->doFirst()
#6 /var/www/html/visitantes/app/Models/VisitasModel.php(45): CodeIgniter\BaseModel->first()
#7 /var/www/html/visitantes/app/Controllers/Visitas.php(124): App\Models\VisitasModel->GetAllVisitas()
#8 /var/www/html/visitantes/system/CodeIgniter.php(936): App\Controllers\Visitas->view()
#9 /var/www/html/visitantes/system/CodeIgniter.php(432): CodeIgniter\CodeIgniter->runController()
#10 /var/www/html/visitantes/system/CodeIgniter.php(333): CodeIgniter\CodeIgniter->handleRequest()
#11 /var/www/html/visitantes/index.php(44): CodeIgniter\CodeIgniter->run()
#12 {main}
CRITICAL - 2022-03-25 08:13:22 --> Unknown column 'vt.email' in 'field list'
#0 /var/www/html/visitantes/system/Database/MySQLi/Connection.php(314): mysqli->query()
#1 /var/www/html/visitantes/system/Database/BaseConnection.php(713): CodeIgniter\Database\MySQLi\Connection->execute()
#2 /var/www/html/visitantes/system/Database/BaseConnection.php(641): CodeIgniter\Database\BaseConnection->simpleQuery()
#3 /var/www/html/visitantes/system/Database/BaseBuilder.php(1866): CodeIgniter\Database\BaseConnection->query()
#4 /var/www/html/visitantes/system/Model.php(247): CodeIgniter\Database\BaseBuilder->get()
#5 /var/www/html/visitantes/system/BaseModel.php(624): CodeIgniter\Model->doFirst()
#6 /var/www/html/visitantes/app/Models/VisitasModel.php(45): CodeIgniter\BaseModel->first()
#7 /var/www/html/visitantes/app/Controllers/Visitas.php(124): App\Models\VisitasModel->GetAllVisitas()
#8 /var/www/html/visitantes/system/CodeIgniter.php(936): App\Controllers\Visitas->view()
#9 /var/www/html/visitantes/system/CodeIgniter.php(432): CodeIgniter\CodeIgniter->runController()
#10 /var/www/html/visitantes/system/CodeIgniter.php(333): CodeIgniter\CodeIgniter->handleRequest()
#11 /var/www/html/visitantes/index.php(44): CodeIgniter\CodeIgniter->run()
#12 {main}
ERROR - 2022-03-25 08:14:14 --> mysqli_sql_exception: Unknown column 'vt.email' in 'field list' in /var/www/html/visitantes/system/Database/MySQLi/Connection.php:314
Stack trace:
#0 /var/www/html/visitantes/system/Database/MySQLi/Connection.php(314): mysqli->query()
#1 /var/www/html/visitantes/system/Database/BaseConnection.php(713): CodeIgniter\Database\MySQLi\Connection->execute()
#2 /var/www/html/visitantes/system/Database/BaseConnection.php(641): CodeIgniter\Database\BaseConnection->simpleQuery()
#3 /var/www/html/visitantes/system/Database/BaseBuilder.php(1866): CodeIgniter\Database\BaseConnection->query()
#4 /var/www/html/visitantes/system/Model.php(247): CodeIgniter\Database\BaseBuilder->get()
#5 /var/www/html/visitantes/system/BaseModel.php(624): CodeIgniter\Model->doFirst()
#6 /var/www/html/visitantes/app/Models/VisitasModel.php(45): CodeIgniter\BaseModel->first()
#7 /var/www/html/visitantes/app/Controllers/Visitas.php(124): App\Models\VisitasModel->GetAllVisitas()
#8 /var/www/html/visitantes/system/CodeIgniter.php(936): App\Controllers\Visitas->view()
#9 /var/www/html/visitantes/system/CodeIgniter.php(432): CodeIgniter\CodeIgniter->runController()
#10 /var/www/html/visitantes/system/CodeIgniter.php(333): CodeIgniter\CodeIgniter->handleRequest()
#11 /var/www/html/visitantes/index.php(44): CodeIgniter\CodeIgniter->run()
#12 {main}
CRITICAL - 2022-03-25 08:14:14 --> Unknown column 'vt.email' in 'field list'
#0 /var/www/html/visitantes/system/Database/MySQLi/Connection.php(314): mysqli->query()
#1 /var/www/html/visitantes/system/Database/BaseConnection.php(713): CodeIgniter\Database\MySQLi\Connection->execute()
#2 /var/www/html/visitantes/system/Database/BaseConnection.php(641): CodeIgniter\Database\BaseConnection->simpleQuery()
#3 /var/www/html/visitantes/system/Database/BaseBuilder.php(1866): CodeIgniter\Database\BaseConnection->query()
#4 /var/www/html/visitantes/system/Model.php(247): CodeIgniter\Database\BaseBuilder->get()
#5 /var/www/html/visitantes/system/BaseModel.php(624): CodeIgniter\Model->doFirst()
#6 /var/www/html/visitantes/app/Models/VisitasModel.php(45): CodeIgniter\BaseModel->first()
#7 /var/www/html/visitantes/app/Controllers/Visitas.php(124): App\Models\VisitasModel->GetAllVisitas()
#8 /var/www/html/visitantes/system/CodeIgniter.php(936): App\Controllers\Visitas->view()
#9 /var/www/html/visitantes/system/CodeIgniter.php(432): CodeIgniter\CodeIgniter->runController()
#10 /var/www/html/visitantes/system/CodeIgniter.php(333): CodeIgniter\CodeIgniter->handleRequest()
#11 /var/www/html/visitantes/index.php(44): CodeIgniter\CodeIgniter->run()
#12 {main}
ERROR - 2022-03-25 08:16:12 --> mysqli_sql_exception: Unknown column 'vt.email' in 'field list' in /var/www/html/visitantes/system/Database/MySQLi/Connection.php:314
Stack trace:
#0 /var/www/html/visitantes/system/Database/MySQLi/Connection.php(314): mysqli->query()
#1 /var/www/html/visitantes/system/Database/BaseConnection.php(713): CodeIgniter\Database\MySQLi\Connection->execute()
#2 /var/www/html/visitantes/system/Database/BaseConnection.php(641): CodeIgniter\Database\BaseConnection->simpleQuery()
#3 /var/www/html/visitantes/system/Database/BaseBuilder.php(1866): CodeIgniter\Database\BaseConnection->query()
#4 /var/www/html/visitantes/system/Model.php(247): CodeIgniter\Database\BaseBuilder->get()
#5 /var/www/html/visitantes/system/BaseModel.php(624): CodeIgniter\Model->doFirst()
#6 /var/www/html/visitantes/app/Models/VisitasModel.php(45): CodeIgniter\BaseModel->first()
#7 /var/www/html/visitantes/app/Controllers/Visitas.php(124): App\Models\VisitasModel->GetAllVisitas()
#8 /var/www/html/visitantes/system/CodeIgniter.php(936): App\Controllers\Visitas->view()
#9 /var/www/html/visitantes/system/CodeIgniter.php(432): CodeIgniter\CodeIgniter->runController()
#10 /var/www/html/visitantes/system/CodeIgniter.php(333): CodeIgniter\CodeIgniter->handleRequest()
#11 /var/www/html/visitantes/index.php(44): CodeIgniter\CodeIgniter->run()
#12 {main}
CRITICAL - 2022-03-25 08:16:12 --> Unknown column 'vt.email' in 'field list'
#0 /var/www/html/visitantes/system/Database/MySQLi/Connection.php(314): mysqli->query()
#1 /var/www/html/visitantes/system/Database/BaseConnection.php(713): CodeIgniter\Database\MySQLi\Connection->execute()
#2 /var/www/html/visitantes/system/Database/BaseConnection.php(641): CodeIgniter\Database\BaseConnection->simpleQuery()
#3 /var/www/html/visitantes/system/Database/BaseBuilder.php(1866): CodeIgniter\Database\BaseConnection->query()
#4 /var/www/html/visitantes/system/Model.php(247): CodeIgniter\Database\BaseBuilder->get()
#5 /var/www/html/visitantes/system/BaseModel.php(624): CodeIgniter\Model->doFirst()
#6 /var/www/html/visitantes/app/Models/VisitasModel.php(45): CodeIgniter\BaseModel->first()
#7 /var/www/html/visitantes/app/Controllers/Visitas.php(124): App\Models\VisitasModel->GetAllVisitas()
#8 /var/www/html/visitantes/system/CodeIgniter.php(936): App\Controllers\Visitas->view()
#9 /var/www/html/visitantes/system/CodeIgniter.php(432): CodeIgniter\CodeIgniter->runController()
#10 /var/www/html/visitantes/system/CodeIgniter.php(333): CodeIgniter\CodeIgniter->handleRequest()
#11 /var/www/html/visitantes/index.php(44): CodeIgniter\CodeIgniter->run()
#12 {main}
ERROR - 2022-03-25 08:17:27 --> mysqli_sql_exception: Unknown column 'vt.email' in 'field list' in /var/www/html/visitantes/system/Database/MySQLi/Connection.php:314
Stack trace:
#0 /var/www/html/visitantes/system/Database/MySQLi/Connection.php(314): mysqli->query()
#1 /var/www/html/visitantes/system/Database/BaseConnection.php(713): CodeIgniter\Database\MySQLi\Connection->execute()
#2 /var/www/html/visitantes/system/Database/BaseConnection.php(641): CodeIgniter\Database\BaseConnection->simpleQuery()
#3 /var/www/html/visitantes/system/Database/BaseBuilder.php(1866): CodeIgniter\Database\BaseConnection->query()
#4 /var/www/html/visitantes/system/Model.php(247): CodeIgniter\Database\BaseBuilder->get()
#5 /var/www/html/visitantes/system/BaseModel.php(624): CodeIgniter\Model->doFirst()
#6 /var/www/html/visitantes/app/Models/VisitasModel.php(45): CodeIgniter\BaseModel->first()
#7 /var/www/html/visitantes/app/Controllers/Visitas.php(124): App\Models\VisitasModel->GetAllVisitas()
#8 /var/www/html/visitantes/system/CodeIgniter.php(936): App\Controllers\Visitas->view()
#9 /var/www/html/visitantes/system/CodeIgniter.php(432): CodeIgniter\CodeIgniter->runController()
#10 /var/www/html/visitantes/system/CodeIgniter.php(333): CodeIgniter\CodeIgniter->handleRequest()
#11 /var/www/html/visitantes/index.php(44): CodeIgniter\CodeIgniter->run()
#12 {main}
CRITICAL - 2022-03-25 08:17:27 --> Unknown column 'vt.email' in 'field list'
#0 /var/www/html/visitantes/system/Database/MySQLi/Connection.php(314): mysqli->query()
#1 /var/www/html/visitantes/system/Database/BaseConnection.php(713): CodeIgniter\Database\MySQLi\Connection->execute()
#2 /var/www/html/visitantes/system/Database/BaseConnection.php(641): CodeIgniter\Database\BaseConnection->simpleQuery()
#3 /var/www/html/visitantes/system/Database/BaseBuilder.php(1866): CodeIgniter\Database\BaseConnection->query()
#4 /var/www/html/visitantes/system/Model.php(247): CodeIgniter\Database\BaseBuilder->get()
#5 /var/www/html/visitantes/system/BaseModel.php(624): CodeIgniter\Model->doFirst()
#6 /var/www/html/visitantes/app/Models/VisitasModel.php(45): CodeIgniter\BaseModel->first()
#7 /var/www/html/visitantes/app/Controllers/Visitas.php(124): App\Models\VisitasModel->GetAllVisitas()
#8 /var/www/html/visitantes/system/CodeIgniter.php(936): App\Controllers\Visitas->view()
#9 /var/www/html/visitantes/system/CodeIgniter.php(432): CodeIgniter\CodeIgniter->runController()
#10 /var/www/html/visitantes/system/CodeIgniter.php(333): CodeIgniter\CodeIgniter->handleRequest()
#11 /var/www/html/visitantes/index.php(44): CodeIgniter\CodeIgniter->run()
#12 {main}
ERROR - 2022-03-25 08:17:30 --> mysqli_sql_exception: Unknown column 'vt.email' in 'field list' in /var/www/html/visitantes/system/Database/MySQLi/Connection.php:314
Stack trace:
#0 /var/www/html/visitantes/system/Database/MySQLi/Connection.php(314): mysqli->query()
#1 /var/www/html/visitantes/system/Database/BaseConnection.php(713): CodeIgniter\Database\MySQLi\Connection->execute()
#2 /var/www/html/visitantes/system/Database/BaseConnection.php(641): CodeIgniter\Database\BaseConnection->simpleQuery()
#3 /var/www/html/visitantes/system/Database/BaseBuilder.php(1866): CodeIgniter\Database\BaseConnection->query()
#4 /var/www/html/visitantes/system/Model.php(247): CodeIgniter\Database\BaseBuilder->get()
#5 /var/www/html/visitantes/system/BaseModel.php(624): CodeIgniter\Model->doFirst()
#6 /var/www/html/visitantes/app/Models/VisitasModel.php(45): CodeIgniter\BaseModel->first()
#7 /var/www/html/visitantes/app/Controllers/Visitas.php(124): App\Models\VisitasModel->GetAllVisitas()
#8 /var/www/html/visitantes/system/CodeIgniter.php(936): App\Controllers\Visitas->view()
#9 /var/www/html/visitantes/system/CodeIgniter.php(432): CodeIgniter\CodeIgniter->runController()
#10 /var/www/html/visitantes/system/CodeIgniter.php(333): CodeIgniter\CodeIgniter->handleRequest()
#11 /var/www/html/visitantes/index.php(44): CodeIgniter\CodeIgniter->run()
#12 {main}
CRITICAL - 2022-03-25 08:17:30 --> Unknown column 'vt.email' in 'field list'
#0 /var/www/html/visitantes/system/Database/MySQLi/Connection.php(314): mysqli->query()
#1 /var/www/html/visitantes/system/Database/BaseConnection.php(713): CodeIgniter\Database\MySQLi\Connection->execute()
#2 /var/www/html/visitantes/system/Database/BaseConnection.php(641): CodeIgniter\Database\BaseConnection->simpleQuery()
#3 /var/www/html/visitantes/system/Database/BaseBuilder.php(1866): CodeIgniter\Database\BaseConnection->query()
#4 /var/www/html/visitantes/system/Model.php(247): CodeIgniter\Database\BaseBuilder->get()
#5 /var/www/html/visitantes/system/BaseModel.php(624): CodeIgniter\Model->doFirst()
#6 /var/www/html/visitantes/app/Models/VisitasModel.php(45): CodeIgniter\BaseModel->first()
#7 /var/www/html/visitantes/app/Controllers/Visitas.php(124): App\Models\VisitasModel->GetAllVisitas()
#8 /var/www/html/visitantes/system/CodeIgniter.php(936): App\Controllers\Visitas->view()
#9 /var/www/html/visitantes/system/CodeIgniter.php(432): CodeIgniter\CodeIgniter->runController()
#10 /var/www/html/visitantes/system/CodeIgniter.php(333): CodeIgniter\CodeIgniter->handleRequest()
#11 /var/www/html/visitantes/index.php(44): CodeIgniter\CodeIgniter->run()
#12 {main}
CRITICAL - 2022-03-25 08:17:59 --> Undefined array key "email"
#0 /var/www/html/visitantes/app/Views/visitas/view.php(92): CodeIgniter\Debug\Exceptions->errorHandler()
#1 /var/www/html/visitantes/system/View/View.php(220): include('...')
#2 /var/www/html/visitantes/system/View/View.php(222): CodeIgniter\View\View->CodeIgniter\View\{closure}()
#3 /var/www/html/visitantes/system/Common.php(1217): CodeIgniter\View\View->render()
#4 /var/www/html/visitantes/app/Controllers/Visitas.php(133): view()
#5 /var/www/html/visitantes/system/CodeIgniter.php(936): App\Controllers\Visitas->view()
#6 /var/www/html/visitantes/system/CodeIgniter.php(432): CodeIgniter\CodeIgniter->runController()
#7 /var/www/html/visitantes/system/CodeIgniter.php(333): CodeIgniter\CodeIgniter->handleRequest()
#8 /var/www/html/visitantes/index.php(44): CodeIgniter\CodeIgniter->run()
#9 {main}
ERROR - 2022-03-25 09:05:01 --> mysqli_sql_exception: Unknown column 'vt.email' in 'field list' in /var/www/html/visitantes/system/Database/MySQLi/Connection.php:314
Stack trace:
#0 /var/www/html/visitantes/system/Database/MySQLi/Connection.php(314): mysqli->query()
#1 /var/www/html/visitantes/system/Database/BaseConnection.php(713): CodeIgniter\Database\MySQLi\Connection->execute()
#2 /var/www/html/visitantes/system/Database/BaseConnection.php(641): CodeIgniter\Database\BaseConnection->simpleQuery()
#3 /var/www/html/visitantes/system/Database/BaseBuilder.php(1866): CodeIgniter\Database\BaseConnection->query()
#4 /var/www/html/visitantes/system/Model.php(247): CodeIgniter\Database\BaseBuilder->get()
#5 /var/www/html/visitantes/system/BaseModel.php(624): CodeIgniter\Model->doFirst()
#6 /var/www/html/visitantes/app/Models/VisitasModel.php(45): CodeIgniter\BaseModel->first()
#7 /var/www/html/visitantes/app/Controllers/Visitas.php(124): App\Models\VisitasModel->GetAllVisitas()
#8 /var/www/html/visitantes/system/CodeIgniter.php(936): App\Controllers\Visitas->view()
#9 /var/www/html/visitantes/system/CodeIgniter.php(432): CodeIgniter\CodeIgniter->runController()
#10 /var/www/html/visitantes/system/CodeIgniter.php(333): CodeIgniter\CodeIgniter->handleRequest()
#11 /var/www/html/visitantes/index.php(44): CodeIgniter\CodeIgniter->run()
#12 {main}
CRITICAL - 2022-03-25 09:05:01 --> Unknown column 'vt.email' in 'field list'
#0 /var/www/html/visitantes/system/Database/MySQLi/Connection.php(314): mysqli->query()
#1 /var/www/html/visitantes/system/Database/BaseConnection.php(713): CodeIgniter\Database\MySQLi\Connection->execute()
#2 /var/www/html/visitantes/system/Database/BaseConnection.php(641): CodeIgniter\Database\BaseConnection->simpleQuery()
#3 /var/www/html/visitantes/system/Database/BaseBuilder.php(1866): CodeIgniter\Database\BaseConnection->query()
#4 /var/www/html/visitantes/system/Model.php(247): CodeIgniter\Database\BaseBuilder->get()
#5 /var/www/html/visitantes/system/BaseModel.php(624): CodeIgniter\Model->doFirst()
#6 /var/www/html/visitantes/app/Models/VisitasModel.php(45): CodeIgniter\BaseModel->first()
#7 /var/www/html/visitantes/app/Controllers/Visitas.php(124): App\Models\VisitasModel->GetAllVisitas()
#8 /var/www/html/visitantes/system/CodeIgniter.php(936): App\Controllers\Visitas->view()
#9 /var/www/html/visitantes/system/CodeIgniter.php(432): CodeIgniter\CodeIgniter->runController()
#10 /var/www/html/visitantes/system/CodeIgniter.php(333): CodeIgniter\CodeIgniter->handleRequest()
#11 /var/www/html/visitantes/index.php(44): CodeIgniter\CodeIgniter->run()
#12 {main}
CRITICAL - 2022-03-25 09:13:41 --> syntax error, unexpected token "}"
#0 /var/www/html/visitantes/system/View/View.php(222): CodeIgniter\View\View->CodeIgniter\View\{closure}()
#1 /var/www/html/visitantes/system/Common.php(1217): CodeIgniter\View\View->render()
#2 /var/www/html/visitantes/app/Controllers/Visitas.php(160): view()
#3 /var/www/html/visitantes/system/CodeIgniter.php(936): App\Controllers\Visitas->view_history()
#4 /var/www/html/visitantes/system/CodeIgniter.php(432): CodeIgniter\CodeIgniter->runController()
#5 /var/www/html/visitantes/system/CodeIgniter.php(333): CodeIgniter\CodeIgniter->handleRequest()
#6 /var/www/html/visitantes/index.php(44): CodeIgniter\CodeIgniter->run()
#7 {main}
CRITICAL - 2022-03-25 11:27:52 --> Undefined variable $dato
#0 /var/www/html/visitantes/app/Views/visitas/new.php(425): CodeIgniter\Debug\Exceptions->errorHandler()
#1 /var/www/html/visitantes/system/View/View.php(220): include('...')
#2 /var/www/html/visitantes/system/View/View.php(222): CodeIgniter\View\View->CodeIgniter\View\{closure}()
#3 /var/www/html/visitantes/system/Common.php(1217): CodeIgniter\View\View->render()
#4 /var/www/html/visitantes/app/Controllers/Visitas.php(77): view()
#5 /var/www/html/visitantes/system/CodeIgniter.php(936): App\Controllers\Visitas->create()
#6 /var/www/html/visitantes/system/CodeIgniter.php(432): CodeIgniter\CodeIgniter->runController()
#7 /var/www/html/visitantes/system/CodeIgniter.php(333): CodeIgniter\CodeIgniter->handleRequest()
#8 /var/www/html/visitantes/index.php(44): CodeIgniter\CodeIgniter->run()
#9 {main}
CRITICAL - 2022-03-25 10:40:15 --> Call to undefined method App\Controllers\Visitas::GetAllVisitas()
#0 /var/www/html/visitantes/system/CodeIgniter.php(936): App\Controllers\Visitas->printGafete()
#1 /var/www/html/visitantes/system/CodeIgniter.php(432): CodeIgniter\CodeIgniter->runController()
#2 /var/www/html/visitantes/system/CodeIgniter.php(333): CodeIgniter\CodeIgniter->handleRequest()
#3 /var/www/html/visitantes/index.php(44): CodeIgniter\CodeIgniter->run()
#4 {main}
CRITICAL - 2022-03-25 10:41:00 --> Class "FPDF" not found
#0 /var/www/html/visitantes/system/CodeIgniter.php(936): App\Controllers\Visitas->printGafete()
#1 /var/www/html/visitantes/system/CodeIgniter.php(432): CodeIgniter\CodeIgniter->runController()
#2 /var/www/html/visitantes/system/CodeIgniter.php(333): CodeIgniter\CodeIgniter->handleRequest()
#3 /var/www/html/visitantes/index.php(44): CodeIgniter\CodeIgniter->run()
#4 {main}
CRITICAL - 2022-03-25 10:41:01 --> Class "FPDF" not found
#0 /var/www/html/visitantes/system/CodeIgniter.php(936): App\Controllers\Visitas->printGafete()
#1 /var/www/html/visitantes/system/CodeIgniter.php(432): CodeIgniter\CodeIgniter->runController()
#2 /var/www/html/visitantes/system/CodeIgniter.php(333): CodeIgniter\CodeIgniter->handleRequest()
#3 /var/www/html/visitantes/index.php(44): CodeIgniter\CodeIgniter->run()
#4 {main}
CRITICAL - 2022-03-25 10:41:01 --> Class "FPDF" not found
#0 /var/www/html/visitantes/system/CodeIgniter.php(936): App\Controllers\Visitas->printGafete()
#1 /var/www/html/visitantes/system/CodeIgniter.php(432): CodeIgniter\CodeIgniter->runController()
#2 /var/www/html/visitantes/system/CodeIgniter.php(333): CodeIgniter\CodeIgniter->handleRequest()
#3 /var/www/html/visitantes/index.php(44): CodeIgniter\CodeIgniter->run()
#4 {main}
CRITICAL - 2022-03-25 10:41:02 --> Class "FPDF" not found
#0 /var/www/html/visitantes/system/CodeIgniter.php(936): App\Controllers\Visitas->printGafete()
#1 /var/www/html/visitantes/system/CodeIgniter.php(432): CodeIgniter\CodeIgniter->runController()
#2 /var/www/html/visitantes/system/CodeIgniter.php(333): CodeIgniter\CodeIgniter->handleRequest()
#3 /var/www/html/visitantes/index.php(44): CodeIgniter\CodeIgniter->run()
#4 {main}
CRITICAL - 2022-03-25 10:41:02 --> Class "FPDF" not found
#0 /var/www/html/visitantes/system/CodeIgniter.php(936): App\Controllers\Visitas->printGafete()
#1 /var/www/html/visitantes/system/CodeIgniter.php(432): CodeIgniter\CodeIgniter->runController()
#2 /var/www/html/visitantes/system/CodeIgniter.php(333): CodeIgniter\CodeIgniter->handleRequest()
#3 /var/www/html/visitantes/index.php(44): CodeIgniter\CodeIgniter->run()
#4 {main}
CRITICAL - 2022-03-25 10:41:02 --> Class "FPDF" not found
#0 /var/www/html/visitantes/system/CodeIgniter.php(936): App\Controllers\Visitas->printGafete()
#1 /var/www/html/visitantes/system/CodeIgniter.php(432): CodeIgniter\CodeIgniter->runController()
#2 /var/www/html/visitantes/system/CodeIgniter.php(333): CodeIgniter\CodeIgniter->handleRequest()
#3 /var/www/html/visitantes/index.php(44): CodeIgniter\CodeIgniter->run()
#4 {main}
CRITICAL - 2022-03-25 11:08:47 --> Undefined variable $datos
#0 /var/www/html/visitantes/app/Controllers/Visitas.php(491): CodeIgniter\Debug\Exceptions->errorHandler()
#1 /var/www/html/visitantes/system/CodeIgniter.php(936): App\Controllers\Visitas->consulta_visitantes()
#2 /var/www/html/visitantes/system/CodeIgniter.php(432): CodeIgniter\CodeIgniter->runController()
#3 /var/www/html/visitantes/system/CodeIgniter.php(333): CodeIgniter\CodeIgniter->handleRequest()
#4 /var/www/html/visitantes/index.php(44): CodeIgniter\CodeIgniter->run()
#5 {main}
CRITICAL - 2022-03-25 11:09:06 --> Undefined variable $visita
#0 /var/www/html/visitantes/app/Views/visitantes/consulta.php(65): CodeIgniter\Debug\Exceptions->errorHandler()
#1 /var/www/html/visitantes/system/View/View.php(220): include('...')
#2 /var/www/html/visitantes/system/View/View.php(222): CodeIgniter\View\View->CodeIgniter\View\{closure}()
#3 /var/www/html/visitantes/system/Common.php(1217): CodeIgniter\View\View->render()
#4 /var/www/html/visitantes/app/Controllers/Visitas.php(497): view()
#5 /var/www/html/visitantes/system/CodeIgniter.php(936): App\Controllers\Visitas->consulta_visitantes()
#6 /var/www/html/visitantes/system/CodeIgniter.php(432): CodeIgniter\CodeIgniter->runController()
#7 /var/www/html/visitantes/system/CodeIgniter.php(333): CodeIgniter\CodeIgniter->handleRequest()
#8 /var/www/html/visitantes/index.php(44): CodeIgniter\CodeIgniter->run()
#9 {main}
CRITICAL - 2022-03-25 11:09:22 --> Undefined variable $visita
#0 /var/www/html/visitantes/app/Views/visitantes/consulta.php(75): CodeIgniter\Debug\Exceptions->errorHandler()
#1 /var/www/html/visitantes/system/View/View.php(220): include('...')
#2 /var/www/html/visitantes/system/View/View.php(222): CodeIgniter\View\View->CodeIgniter\View\{closure}()
#3 /var/www/html/visitantes/system/Common.php(1217): CodeIgniter\View\View->render()
#4 /var/www/html/visitantes/app/Controllers/Visitas.php(497): view()
#5 /var/www/html/visitantes/system/CodeIgniter.php(936): App\Controllers\Visitas->consulta_visitantes()
#6 /var/www/html/visitantes/system/CodeIgniter.php(432): CodeIgniter\CodeIgniter->runController()
#7 /var/www/html/visitantes/system/CodeIgniter.php(333): CodeIgniter\CodeIgniter->handleRequest()
#8 /var/www/html/visitantes/index.php(44): CodeIgniter\CodeIgniter->run()
#9 {main}
CRITICAL - 2022-03-25 11:11:44 --> Trying to access array offset on value of type null
#0 /var/www/html/visitantes/app/Views/visitas/view.php(25): CodeIgniter\Debug\Exceptions->errorHandler()
#1 /var/www/html/visitantes/system/View/View.php(220): include('...')
#2 /var/www/html/visitantes/system/View/View.php(222): CodeIgniter\View\View->CodeIgniter\View\{closure}()
#3 /var/www/html/visitantes/system/Common.php(1217): CodeIgniter\View\View->render()
#4 /var/www/html/visitantes/app/Controllers/Visitas.php(133): view()
#5 /var/www/html/visitantes/system/CodeIgniter.php(936): App\Controllers\Visitas->view()
#6 /var/www/html/visitantes/system/CodeIgniter.php(432): CodeIgniter\CodeIgniter->runController()
#7 /var/www/html/visitantes/system/CodeIgniter.php(333): CodeIgniter\CodeIgniter->handleRequest()
#8 /var/www/html/visitantes/index.php(44): CodeIgniter\CodeIgniter->run()
#9 {main}
CRITICAL - 2022-03-25 11:15:59 --> Undefined array key "id_visita"
#0 /var/www/html/visitantes/app/Views/visitantes/view.php(25): CodeIgniter\Debug\Exceptions->errorHandler()
#1 /var/www/html/visitantes/system/View/View.php(220): include('...')
#2 /var/www/html/visitantes/system/View/View.php(222): CodeIgniter\View\View->CodeIgniter\View\{closure}()
#3 /var/www/html/visitantes/system/Common.php(1217): CodeIgniter\View\View->render()
#4 /var/www/html/visitantes/app/Controllers/Visitas.php(526): view()
#5 /var/www/html/visitantes/system/CodeIgniter.php(936): App\Controllers\Visitas->visitantes_view()
#6 /var/www/html/visitantes/system/CodeIgniter.php(432): CodeIgniter\CodeIgniter->runController()
#7 /var/www/html/visitantes/system/CodeIgniter.php(333): CodeIgniter\CodeIgniter->handleRequest()
#8 /var/www/html/visitantes/index.php(44): CodeIgniter\CodeIgniter->run()
#9 {main}
CRITICAL - 2022-03-25 11:19:41 --> Undefined variable $totalTime
#0 /var/www/html/visitantes/system/Debug/Toolbar/Views/toolbar.tpl.php(41): CodeIgniter\Debug\Exceptions->errorHandler()
#1 /var/www/html/visitantes/system/Debug/Toolbar.php(456): include('...')
#2 /var/www/html/visitantes/system/Debug/Toolbar.php(413): CodeIgniter\Debug\Toolbar->format()
#3 /var/www/html/visitantes/app/Config/Events.php(52): CodeIgniter\Debug\Toolbar->respond()
#4 [internal function]: CodeIgniter\Events\Events::Config\{closure}()
#5 /var/www/html/visitantes/system/Events/Events.php(166): call_user_func()
#6 /var/www/html/visitantes/system/CodeIgniter.php(314): CodeIgniter\Events\Events::trigger()
#7 /var/www/html/visitantes/index.php(44): CodeIgniter\CodeIgniter->run()
#8 {main}
CRITICAL - 2022-03-25 11:23:22 --> syntax error, unexpected token "="
#0 /var/www/html/visitantes/system/Router/Router.php(170): CodeIgniter\Router\Router->autoRoute()
#1 /var/www/html/visitantes/system/CodeIgniter.php(816): CodeIgniter\Router\Router->handle()
#2 /var/www/html/visitantes/system/CodeIgniter.php(385): CodeIgniter\CodeIgniter->tryToRouteIt()
#3 /var/www/html/visitantes/system/CodeIgniter.php(333): CodeIgniter\CodeIgniter->handleRequest()
#4 /var/www/html/visitantes/index.php(44): CodeIgniter\CodeIgniter->run()
#5 {main}
CRITICAL - 2022-03-25 11:24:05 --> Undefined variable $datos
#0 /var/www/html/visitantes/app/Views/visitantes/view.php(25): CodeIgniter\Debug\Exceptions->errorHandler()
#1 /var/www/html/visitantes/system/View/View.php(220): include('...')
#2 /var/www/html/visitantes/system/View/View.php(222): CodeIgniter\View\View->CodeIgniter\View\{closure}()
#3 /var/www/html/visitantes/system/Common.php(1217): CodeIgniter\View\View->render()
#4 /var/www/html/visitantes/app/Controllers/Visitantes.php(101): view()
#5 /var/www/html/visitantes/system/CodeIgniter.php(936): App\Controllers\Visitantes->view()
#6 /var/www/html/visitantes/system/CodeIgniter.php(432): CodeIgniter\CodeIgniter->runController()
#7 /var/www/html/visitantes/system/CodeIgniter.php(333): CodeIgniter\CodeIgniter->handleRequest()
#8 /var/www/html/visitantes/index.php(44): CodeIgniter\CodeIgniter->run()
#9 {main}
CRITICAL - 2022-03-25 11:26:56 --> Undefined array key "visitante_id"
#0 /var/www/html/visitantes/app/Views/visitantes/view.php(25): CodeIgniter\Debug\Exceptions->errorHandler()
#1 /var/www/html/visitantes/system/View/View.php(220): include('...')
#2 /var/www/html/visitantes/system/View/View.php(222): CodeIgniter\View\View->CodeIgniter\View\{closure}()
#3 /var/www/html/visitantes/system/Common.php(1217): CodeIgniter\View\View->render()
#4 /var/www/html/visitantes/app/Controllers/Visitantes.php(101): view()
#5 /var/www/html/visitantes/system/CodeIgniter.php(936): App\Controllers\Visitantes->view()
#6 /var/www/html/visitantes/system/CodeIgniter.php(432): CodeIgniter\CodeIgniter->runController()
#7 /var/www/html/visitantes/system/CodeIgniter.php(333): CodeIgniter\CodeIgniter->handleRequest()
#8 /var/www/html/visitantes/index.php(44): CodeIgniter\CodeIgniter->run()
#9 {main}
CRITICAL - 2022-03-25 11:27:09 --> Undefined variable $datos
#0 /var/www/html/visitantes/app/Views/visitantes/view.php(37): CodeIgniter\Debug\Exceptions->errorHandler()
#1 /var/www/html/visitantes/system/View/View.php(220): include('...')
#2 /var/www/html/visitantes/system/View/View.php(222): CodeIgniter\View\View->CodeIgniter\View\{closure}()
#3 /var/www/html/visitantes/system/Common.php(1217): CodeIgniter\View\View->render()
#4 /var/www/html/visitantes/app/Controllers/Visitantes.php(101): view()
#5 /var/www/html/visitantes/system/CodeIgniter.php(936): App\Controllers\Visitantes->view()
#6 /var/www/html/visitantes/system/CodeIgniter.php(432): CodeIgniter\CodeIgniter->runController()
#7 /var/www/html/visitantes/system/CodeIgniter.php(333): CodeIgniter\CodeIgniter->handleRequest()
#8 /var/www/html/visitantes/index.php(44): CodeIgniter\CodeIgniter->run()
#9 {main}
CRITICAL - 2022-03-25 11:27:29 --> Undefined variable $datos
#0 /var/www/html/visitantes/app/Views/visitantes/view.php(53): CodeIgniter\Debug\Exceptions->errorHandler()
#1 /var/www/html/visitantes/system/View/View.php(220): include('...')
#2 /var/www/html/visitantes/system/View/View.php(222): CodeIgniter\View\View->CodeIgniter\View\{closure}()
#3 /var/www/html/visitantes/system/Common.php(1217): CodeIgniter\View\View->render()
#4 /var/www/html/visitantes/app/Controllers/Visitantes.php(101): view()
#5 /var/www/html/visitantes/system/CodeIgniter.php(936): App\Controllers\Visitantes->view()
#6 /var/www/html/visitantes/system/CodeIgniter.php(432): CodeIgniter\CodeIgniter->runController()
#7 /var/www/html/visitantes/system/CodeIgniter.php(333): CodeIgniter\CodeIgniter->handleRequest()
#8 /var/www/html/visitantes/index.php(44): CodeIgniter\CodeIgniter->run()
#9 {main}
CRITICAL - 2022-03-25 11:28:12 --> Undefined variable $datos
#0 /var/www/html/visitantes/app/Views/visitantes/view.php(55): CodeIgniter\Debug\Exceptions->errorHandler()
#1 /var/www/html/visitantes/system/View/View.php(220): include('...')
#2 /var/www/html/visitantes/system/View/View.php(222): CodeIgniter\View\View->CodeIgniter\View\{closure}()
#3 /var/www/html/visitantes/system/Common.php(1217): CodeIgniter\View\View->render()
#4 /var/www/html/visitantes/app/Controllers/Visitantes.php(101): view()
#5 /var/www/html/visitantes/system/CodeIgniter.php(936): App\Controllers\Visitantes->view()
#6 /var/www/html/visitantes/system/CodeIgniter.php(432): CodeIgniter\CodeIgniter->runController()
#7 /var/www/html/visitantes/system/CodeIgniter.php(333): CodeIgniter\CodeIgniter->handleRequest()
#8 /var/www/html/visitantes/index.php(44): CodeIgniter\CodeIgniter->run()
#9 {main}
CRITICAL - 2022-03-25 11:30:01 --> Undefined variable $datos
#0 /var/www/html/visitantes/app/Views/visitantes/view.php(55): CodeIgniter\Debug\Exceptions->errorHandler()
#1 /var/www/html/visitantes/system/View/View.php(220): include('...')
#2 /var/www/html/visitantes/system/View/View.php(222): CodeIgniter\View\View->CodeIgniter\View\{closure}()
#3 /var/www/html/visitantes/system/Common.php(1217): CodeIgniter\View\View->render()
#4 /var/www/html/visitantes/app/Controllers/Visitantes.php(101): view()
#5 /var/www/html/visitantes/system/CodeIgniter.php(936): App\Controllers\Visitantes->view()
#6 /var/www/html/visitantes/system/CodeIgniter.php(432): CodeIgniter\CodeIgniter->runController()
#7 /var/www/html/visitantes/system/CodeIgniter.php(333): CodeIgniter\CodeIgniter->handleRequest()
#8 /var/www/html/visitantes/index.php(44): CodeIgniter\CodeIgniter->run()
#9 {main}
CRITICAL - 2022-03-25 11:30:40 --> Unmatched '}'
#0 /var/www/html/visitantes/system/View/View.php(222): CodeIgniter\View\View->CodeIgniter\View\{closure}()
#1 /var/www/html/visitantes/system/Common.php(1217): CodeIgniter\View\View->render()
#2 /var/www/html/visitantes/app/Controllers/Visitantes.php(101): view()
#3 /var/www/html/visitantes/system/CodeIgniter.php(936): App\Controllers\Visitantes->view()
#4 /var/www/html/visitantes/system/CodeIgniter.php(432): CodeIgniter\CodeIgniter->runController()
#5 /var/www/html/visitantes/system/CodeIgniter.php(333): CodeIgniter\CodeIgniter->handleRequest()
#6 /var/www/html/visitantes/index.php(44): CodeIgniter\CodeIgniter->run()
#7 {main}
CRITICAL - 2022-03-25 11:30:48 --> Undefined variable $datos
#0 /var/www/html/visitantes/app/Views/visitantes/view.php(67): CodeIgniter\Debug\Exceptions->errorHandler()
#1 /var/www/html/visitantes/system/View/View.php(220): include('...')
#2 /var/www/html/visitantes/system/View/View.php(222): CodeIgniter\View\View->CodeIgniter\View\{closure}()
#3 /var/www/html/visitantes/system/Common.php(1217): CodeIgniter\View\View->render()
#4 /var/www/html/visitantes/app/Controllers/Visitantes.php(101): view()
#5 /var/www/html/visitantes/system/CodeIgniter.php(936): App\Controllers\Visitantes->view()
#6 /var/www/html/visitantes/system/CodeIgniter.php(432): CodeIgniter\CodeIgniter->runController()
#7 /var/www/html/visitantes/system/CodeIgniter.php(333): CodeIgniter\CodeIgniter->handleRequest()
#8 /var/www/html/visitantes/index.php(44): CodeIgniter\CodeIgniter->run()
#9 {main}
CRITICAL - 2022-03-25 11:31:43 --> Undefined variable $datos
#0 /var/www/html/visitantes/app/Views/visitantes/view.php(67): CodeIgniter\Debug\Exceptions->errorHandler()
#1 /var/www/html/visitantes/system/View/View.php(220): include('...')
#2 /var/www/html/visitantes/system/View/View.php(222): CodeIgniter\View\View->CodeIgniter\View\{closure}()
#3 /var/www/html/visitantes/system/Common.php(1217): CodeIgniter\View\View->render()
#4 /var/www/html/visitantes/app/Controllers/Visitantes.php(101): view()
#5 /var/www/html/visitantes/system/CodeIgniter.php(936): App\Controllers\Visitantes->view()
#6 /var/www/html/visitantes/system/CodeIgniter.php(432): CodeIgniter\CodeIgniter->runController()
#7 /var/www/html/visitantes/system/CodeIgniter.php(333): CodeIgniter\CodeIgniter->handleRequest()
#8 /var/www/html/visitantes/index.php(44): CodeIgniter\CodeIgniter->run()
#9 {main}
CRITICAL - 2022-03-25 11:36:14 --> foreach() argument must be of type array|object, null given
#0 /var/www/html/visitantes/app/Views/visitantes/view.php(74): CodeIgniter\Debug\Exceptions->errorHandler()
#1 /var/www/html/visitantes/system/View/View.php(220): include('...')
#2 /var/www/html/visitantes/system/View/View.php(222): CodeIgniter\View\View->CodeIgniter\View\{closure}()
#3 /var/www/html/visitantes/system/Common.php(1217): CodeIgniter\View\View->render()
#4 /var/www/html/visitantes/app/Controllers/Visitantes.php(101): view()
#5 /var/www/html/visitantes/system/CodeIgniter.php(936): App\Controllers\Visitantes->view()
#6 /var/www/html/visitantes/system/CodeIgniter.php(432): CodeIgniter\CodeIgniter->runController()
#7 /var/www/html/visitantes/system/CodeIgniter.php(333): CodeIgniter\CodeIgniter->handleRequest()
#8 /var/www/html/visitantes/index.php(44): CodeIgniter\CodeIgniter->run()
#9 {main}
CRITICAL - 2022-03-25 11:38:41 --> foreach() argument must be of type array|object, null given
#0 /var/www/html/visitantes/app/Views/visitantes/view.php(74): CodeIgniter\Debug\Exceptions->errorHandler()
#1 /var/www/html/visitantes/system/View/View.php(220): include('...')
#2 /var/www/html/visitantes/system/View/View.php(222): CodeIgniter\View\View->CodeIgniter\View\{closure}()
#3 /var/www/html/visitantes/system/Common.php(1217): CodeIgniter\View\View->render()
#4 /var/www/html/visitantes/app/Controllers/Visitantes.php(101): view()
#5 /var/www/html/visitantes/system/CodeIgniter.php(936): App\Controllers\Visitantes->view()
#6 /var/www/html/visitantes/system/CodeIgniter.php(432): CodeIgniter\CodeIgniter->runController()
#7 /var/www/html/visitantes/system/CodeIgniter.php(333): CodeIgniter\CodeIgniter->handleRequest()
#8 /var/www/html/visitantes/index.php(44): CodeIgniter\CodeIgniter->run()
#9 {main}
CRITICAL - 2022-03-25 11:39:44 --> Undefined variable $datos
#0 /var/www/html/visitantes/app/Views/visitantes/view.php(100): CodeIgniter\Debug\Exceptions->errorHandler()
#1 /var/www/html/visitantes/system/View/View.php(220): include('...')
#2 /var/www/html/visitantes/system/View/View.php(222): CodeIgniter\View\View->CodeIgniter\View\{closure}()
#3 /var/www/html/visitantes/system/Common.php(1217): CodeIgniter\View\View->render()
#4 /var/www/html/visitantes/app/Controllers/Visitantes.php(101): view()
#5 /var/www/html/visitantes/system/CodeIgniter.php(936): App\Controllers\Visitantes->view()
#6 /var/www/html/visitantes/system/CodeIgniter.php(432): CodeIgniter\CodeIgniter->runController()
#7 /var/www/html/visitantes/system/CodeIgniter.php(333): CodeIgniter\CodeIgniter->handleRequest()
#8 /var/www/html/visitantes/index.php(44): CodeIgniter\CodeIgniter->run()
#9 {main}
CRITICAL - 2022-03-25 11:48:54 --> Undefined variable $datos
#0 /var/www/html/visitantes/app/Views/visitantes/view.php(81): CodeIgniter\Debug\Exceptions->errorHandler()
#1 /var/www/html/visitantes/system/View/View.php(220): include('...')
#2 /var/www/html/visitantes/system/View/View.php(222): CodeIgniter\View\View->CodeIgniter\View\{closure}()
#3 /var/www/html/visitantes/system/Common.php(1217): CodeIgniter\View\View->render()
#4 /var/www/html/visitantes/app/Controllers/Visitantes.php(101): view()
#5 /var/www/html/visitantes/system/CodeIgniter.php(936): App\Controllers\Visitantes->view()
#6 /var/www/html/visitantes/system/CodeIgniter.php(432): CodeIgniter\CodeIgniter->runController()
#7 /var/www/html/visitantes/system/CodeIgniter.php(333): CodeIgniter\CodeIgniter->handleRequest()
#8 /var/www/html/visitantes/index.php(44): CodeIgniter\CodeIgniter->run()
#9 {main}
